[INFO] 03:37:20:813 FileSystem/(14191:14191): - LOG INICIADO
[INFO] 03:37:20:944 FileSystem/(14191:14191): =======================================================================================
[INFO] 03:37:20:948 FileSystem/(14191:14191): - CONFIGURACION Y METADATA IMPORTADA
[INFO] 03:37:20:970 FileSystem/(14191:14191): · Puerto escucha = 5004
[INFO] 03:37:20:973 FileSystem/(14191:14191): · Punto de Montaje = FileSystem/
[INFO] 03:37:20:975 FileSystem/(14191:14191): · Retardo = 800
[INFO] 03:37:20:977 FileSystem/(14191:14191): · Tamaño Máximo de un Value = 65
[INFO] 03:37:20:978 FileSystem/(14191:14191): · Tiempo Dump = 40000
[INFO] 03:37:20:980 FileSystem/(14191:14191): · Magic number = "LISSANDRA"
[INFO] 03:37:20:982 FileSystem/(14191:14191): · Cantidad de bloques = 50
[INFO] 03:37:20:984 FileSystem/(14191:14191): · Tamaño de bloques = 64
[INFO] 03:37:20:991 FileSystem/(14191:14191): - PROCESO CONFIGURADO CON EXITO!
[INFO] 03:37:21:6 FileSystem/(14191:14191): BITMAP EXISTENTE ENCONTRADO, SE CARGA EN MEMORIA
[INFO] 03:37:21:112 FileSystem/(14191:14194): INICIANDO COMPACTACION DE LA TABLA AVES:
[INFO] 03:37:21:138 FileSystem/(14191:14194): INGRESANDO A METADATA, PATH: FileSystem/Tables/AVES/MetaData
[INFO] 03:37:21:203 FileSystem/(14191:14194): INICIANDO COMPACTACION DE LA TABLA MAMIFEROS:
[INFO] 03:37:21:206 FileSystem/(14191:14194): INGRESANDO A METADATA, PATH: FileSystem/Tables/MAMIFEROS/MetaData
[INFO] 03:37:21:218 FileSystem/(14191:14194): INICIANDO COMPACTACION DE LA TABLA MARINOS:
[INFO] 03:37:21:220 FileSystem/(14191:14194): INGRESANDO A METADATA, PATH: FileSystem/Tables/MARINOS/MetaData
[INFO] 03:37:31:175 FileSystem/(14191:14197): =======================================================================================
[INFO] 03:37:31:181 FileSystem/(14191:14197): - CONFIGURACION Y METADATA IMPORTADA
[INFO] 03:37:31:186 FileSystem/(14191:14197): · Puerto escucha = 5004
[INFO] 03:37:31:191 FileSystem/(14191:14197): · Punto de Montaje = FileSystem/
[INFO] 03:37:31:192 FileSystem/(14191:14197): · Retardo = 800
[INFO] 03:37:31:195 FileSystem/(14191:14197): · Tamaño Máximo de un Value = 65
[INFO] 03:37:31:196 FileSystem/(14191:14197): · Tiempo Dump = 40000
[INFO] 03:37:31:196 FileSystem/(14191:14197): · Magic number = "LISSANDRA"
[INFO] 03:37:31:196 FileSystem/(14191:14197): · Cantidad de bloques = 50
[INFO] 03:37:31:197 FileSystem/(14191:14197): · Tamaño de bloques = 64
[INFO] 03:37:33:71 FileSystem/(14191:14206): Enviamos el tamaño maximo del registro a memoria: 65
[INFO] 03:37:33:147 FileSystem/(14191:14206): - SE HAN ENVIADO 14 BYTES CON EXITO
[INFO] 03:37:44:949 FileSystem/(14191:14206): Una memoria pidió un describe sin tabla especificada.
[INFO] 03:37:44:985 FileSystem/(14191:14206): METADATA DE TABLA AVES:
[INFO] 03:37:45:12 FileSystem/(14191:14206): INGRESANDO A METADATA, PATH: FileSystem/Tables/AVES/MetaData
[INFO] 03:37:45:40 FileSystem/(14191:14206): METADATA DE TABLA MAMIFEROS:
[INFO] 03:37:45:43 FileSystem/(14191:14206): INGRESANDO A METADATA, PATH: FileSystem/Tables/MAMIFEROS/MetaData
[INFO] 03:37:45:47 FileSystem/(14191:14206): METADATA DE TABLA MARINOS:
[INFO] 03:37:45:50 FileSystem/(14191:14206): INGRESANDO A METADATA, PATH: FileSystem/Tables/MARINOS/MetaData
[INFO] 03:37:45:67 FileSystem/(14191:14206): Tabla del nodo: AVES
[INFO] 03:37:45:74 FileSystem/(14191:14206): CONSISTENCIA: SC
[INFO] 03:37:45:77 FileSystem/(14191:14206): PARTICIONES: 5
[INFO] 03:37:45:86 FileSystem/(14191:14206): TIEMPO DE COMPACTACIÓN: 50000
[INFO] 03:37:45:94 FileSystem/(14191:14206): Tabla del nodo: MAMIFEROS
[INFO] 03:37:45:102 FileSystem/(14191:14206): CONSISTENCIA: SC
[INFO] 03:37:45:105 FileSystem/(14191:14206): PARTICIONES: 3
[INFO] 03:37:45:107 FileSystem/(14191:14206): TIEMPO DE COMPACTACIÓN: 60000
[INFO] 03:37:45:107 FileSystem/(14191:14206): Tabla del nodo: MARINOS
[INFO] 03:37:45:108 FileSystem/(14191:14206): CONSISTENCIA: SC
[INFO] 03:37:45:113 FileSystem/(14191:14206): PARTICIONES: 1
[INFO] 03:37:45:114 FileSystem/(14191:14206): TIEMPO DE COMPACTACIÓN: 10000
[INFO] 03:37:45:115 FileSystem/(14191:14206): Enviamos a la memoria todas las metadatas existentes.
[INFO] 03:37:45:197 FileSystem/(14191:14206): - SE HAN ENVIADO 68 BYTES CON EXITO
[INFO] 03:38:01:83 FileSystem/(14191:14195): INICIO DE PROCESO DUMP
[INFO] 03:38:01:88 FileSystem/(14191:14195): MEMTABLE RESETEADA
[INFO] 03:38:32:945 FileSystem/(14191:14206): Una memoria pidió un describe sin tabla especificada.
[INFO] 03:38:32:946 FileSystem/(14191:14206): METADATA DE TABLA AVES:
[INFO] 03:38:32:947 FileSystem/(14191:14206): INGRESANDO A METADATA, PATH: FileSystem/Tables/AVES/MetaData
[INFO] 03:38:32:948 FileSystem/(14191:14206): METADATA DE TABLA MAMIFEROS:
[INFO] 03:38:32:949 FileSystem/(14191:14206): INGRESANDO A METADATA, PATH: FileSystem/Tables/MAMIFEROS/MetaData
[INFO] 03:38:32:959 FileSystem/(14191:14206): METADATA DE TABLA MARINOS:
[INFO] 03:38:32:986 FileSystem/(14191:14206): INGRESANDO A METADATA, PATH: FileSystem/Tables/MARINOS/MetaData
[INFO] 03:38:32:987 FileSystem/(14191:14206): Tabla del nodo: AVES
[INFO] 03:38:32:993 FileSystem/(14191:14206): CONSISTENCIA: SC
[INFO] 03:38:32:5 FileSystem/(14191:14206): PARTICIONES: 5
[INFO] 03:38:33:13 FileSystem/(14191:14206): TIEMPO DE COMPACTACIÓN: 50000
[INFO] 03:38:33:14 FileSystem/(14191:14206): Tabla del nodo: MAMIFEROS
[INFO] 03:38:33:23 FileSystem/(14191:14206): CONSISTENCIA: SC
[INFO] 03:38:33:26 FileSystem/(14191:14206): PARTICIONES: 3
[INFO] 03:38:33:28 FileSystem/(14191:14206): TIEMPO DE COMPACTACIÓN: 60000
[INFO] 03:38:33:73 FileSystem/(14191:14206): Tabla del nodo: MARINOS
[INFO] 03:38:33:78 FileSystem/(14191:14206): CONSISTENCIA: SC
[INFO] 03:38:33:80 FileSystem/(14191:14206): PARTICIONES: 1
[INFO] 03:38:33:85 FileSystem/(14191:14206): TIEMPO DE COMPACTACIÓN: 10000
[INFO] 03:38:33:86 FileSystem/(14191:14206): Enviamos a la memoria todas las metadatas existentes.
[INFO] 03:38:33:110 FileSystem/(14191:14206): - SE HAN ENVIADO 68 BYTES CON EXITO
[INFO] 03:38:41:93 FileSystem/(14191:14195): INICIO DE PROCESO DUMP
[INFO] 03:38:41:94 FileSystem/(14191:14195): MEMTABLE RESETEADA
[INFO] 03:38:48:661 FileSystem/(14191:14206): Una memoria pidió un describe sin tabla especificada.
[INFO] 03:38:48:662 FileSystem/(14191:14206): METADATA DE TABLA AVES:
[INFO] 03:38:48:663 FileSystem/(14191:14206): INGRESANDO A METADATA, PATH: FileSystem/Tables/AVES/MetaData
[INFO] 03:38:48:755 FileSystem/(14191:14206): METADATA DE TABLA MAMIFEROS:
[INFO] 03:38:48:763 FileSystem/(14191:14206): INGRESANDO A METADATA, PATH: FileSystem/Tables/MAMIFEROS/MetaData
[INFO] 03:38:48:788 FileSystem/(14191:14206): METADATA DE TABLA MARINOS:
[INFO] 03:38:48:791 FileSystem/(14191:14206): INGRESANDO A METADATA, PATH: FileSystem/Tables/MARINOS/MetaData
[INFO] 03:38:48:828 FileSystem/(14191:14206): Tabla del nodo: AVES
[INFO] 03:38:48:830 FileSystem/(14191:14206): CONSISTENCIA: SC
[INFO] 03:38:48:830 FileSystem/(14191:14206): PARTICIONES: 5
[INFO] 03:38:48:889 FileSystem/(14191:14206): TIEMPO DE COMPACTACIÓN: 50000
[INFO] 03:38:48:895 FileSystem/(14191:14206): Tabla del nodo: MAMIFEROS
[INFO] 03:38:48:902 FileSystem/(14191:14206): CONSISTENCIA: SC
[INFO] 03:38:48:904 FileSystem/(14191:14206): PARTICIONES: 3
[INFO] 03:38:48:907 FileSystem/(14191:14206): TIEMPO DE COMPACTACIÓN: 60000
[INFO] 03:38:48:908 FileSystem/(14191:14206): Tabla del nodo: MARINOS
[INFO] 03:38:48:958 FileSystem/(14191:14206): CONSISTENCIA: SC
[INFO] 03:38:48:960 FileSystem/(14191:14206): PARTICIONES: 1
[INFO] 03:38:48:962 FileSystem/(14191:14206): TIEMPO DE COMPACTACIÓN: 10000
[INFO] 03:38:48:963 FileSystem/(14191:14206): Enviamos a la memoria todas las metadatas existentes.
[INFO] 03:38:48:988 FileSystem/(14191:14206): - SE HAN ENVIADO 68 BYTES CON EXITO
[INFO] 03:39:21:102 FileSystem/(14191:14195): INICIO DE PROCESO DUMP
[INFO] 03:39:21:102 FileSystem/(14191:14195): MEMTABLE RESETEADA
[INFO] 03:40:01:103 FileSystem/(14191:14195): INICIO DE PROCESO DUMP
[INFO] 03:40:01:184 FileSystem/(14191:14195): MEMTABLE RESETEADA
[INFO] 03:40:41:197 FileSystem/(14191:14195): INICIO DE PROCESO DUMP
[INFO] 03:40:41:197 FileSystem/(14191:14195): MEMTABLE RESETEADA
[INFO] 03:41:21:198 FileSystem/(14191:14195): INICIO DE PROCESO DUMP
[INFO] 03:41:21:202 FileSystem/(14191:14195): MEMTABLE RESETEADA
[INFO] 03:42:01:204 FileSystem/(14191:14195): INICIO DE PROCESO DUMP
[INFO] 03:42:01:207 FileSystem/(14191:14195): MEMTABLE RESETEADA
[INFO] 03:42:55:492 FileSystem/(14441:14441): - LOG INICIADO
[INFO] 03:42:55:646 FileSystem/(14441:14441): =======================================================================================
[INFO] 03:42:55:651 FileSystem/(14441:14441): - CONFIGURACION Y METADATA IMPORTADA
[INFO] 03:42:55:674 FileSystem/(14441:14441): · Puerto escucha = 5004
[INFO] 03:42:55:678 FileSystem/(14441:14441): · Punto de Montaje = FileSystem/
[INFO] 03:42:55:680 FileSystem/(14441:14441): · Retardo = 800
[INFO] 03:42:55:681 FileSystem/(14441:14441): · Tamaño Máximo de un Value = 65
[INFO] 03:42:55:684 FileSystem/(14441:14441): · Tiempo Dump = 40000
[INFO] 03:42:55:686 FileSystem/(14441:14441): · Magic number = "LISSANDRA"
[INFO] 03:42:55:689 FileSystem/(14441:14441): · Cantidad de bloques = 50
[INFO] 03:42:55:691 FileSystem/(14441:14441): · Tamaño de bloques = 64
[INFO] 03:42:55:698 FileSystem/(14441:14441): - PROCESO CONFIGURADO CON EXITO!
[INFO] 03:42:55:707 FileSystem/(14441:14441): BITMAP EXISTENTE ENCONTRADO, SE CARGA EN MEMORIA
[INFO] 03:42:55:844 FileSystem/(14441:14449): INICIANDO COMPACTACION DE LA TABLA AVES:
[INFO] 03:42:55:856 FileSystem/(14441:14449): INGRESANDO A METADATA, PATH: FileSystem/Tables/AVES/MetaData
[INFO] 03:42:55:934 FileSystem/(14441:14449): INICIANDO COMPACTACION DE LA TABLA MAMIFEROS:
[INFO] 03:42:55:936 FileSystem/(14441:14449): INGRESANDO A METADATA, PATH: FileSystem/Tables/MAMIFEROS/MetaData
[INFO] 03:42:55:944 FileSystem/(14441:14449): INICIANDO COMPACTACION DE LA TABLA MARINOS:
[INFO] 03:42:55:946 FileSystem/(14441:14449): INGRESANDO A METADATA, PATH: FileSystem/Tables/MARINOS/MetaData
[INFO] 03:43:05:847 FileSystem/(14441:14452): =======================================================================================
[INFO] 03:43:05:857 FileSystem/(14441:14452): - CONFIGURACION Y METADATA IMPORTADA
[INFO] 03:43:05:859 FileSystem/(14441:14452): · Puerto escucha = 5004
[INFO] 03:43:05:872 FileSystem/(14441:14452): · Punto de Montaje = FileSystem/
[INFO] 03:43:05:873 FileSystem/(14441:14452): · Retardo = 800
[INFO] 03:43:05:873 FileSystem/(14441:14452): · Tamaño Máximo de un Value = 65
[INFO] 03:43:05:875 FileSystem/(14441:14452): · Tiempo Dump = 40000
[INFO] 03:43:05:876 FileSystem/(14441:14452): · Magic number = "LISSANDRA"
[INFO] 03:43:05:878 FileSystem/(14441:14452): · Cantidad de bloques = 50
[INFO] 03:43:05:880 FileSystem/(14441:14452): · Tamaño de bloques = 64
[INFO] 03:43:09:709 FileSystem/(14441:14467): Enviamos el tamaño maximo del registro a memoria: 65
[INFO] 03:43:09:761 FileSystem/(14441:14467): - SE HAN ENVIADO 14 BYTES CON EXITO
[INFO] 03:43:19:96 FileSystem/(14441:14467): Una memoria pidió un describe sin tabla especificada.
[INFO] 03:43:19:139 FileSystem/(14441:14467): METADATA DE TABLA AVES:
[INFO] 03:43:19:160 FileSystem/(14441:14467): INGRESANDO A METADATA, PATH: FileSystem/Tables/AVES/MetaData
[INFO] 03:43:19:197 FileSystem/(14441:14467): METADATA DE TABLA MAMIFEROS:
[INFO] 03:43:19:200 FileSystem/(14441:14467): INGRESANDO A METADATA, PATH: FileSystem/Tables/MAMIFEROS/MetaData
[INFO] 03:43:19:203 FileSystem/(14441:14467): METADATA DE TABLA MARINOS:
[INFO] 03:43:19:215 FileSystem/(14441:14467): INGRESANDO A METADATA, PATH: FileSystem/Tables/MARINOS/MetaData
[INFO] 03:43:19:220 FileSystem/(14441:14467): Tabla del nodo: AVES
[INFO] 03:43:19:228 FileSystem/(14441:14467): CONSISTENCIA: SC
[INFO] 03:43:19:232 FileSystem/(14441:14467): PARTICIONES: 5
[INFO] 03:43:19:242 FileSystem/(14441:14467): TIEMPO DE COMPACTACIÓN: 50000
[INFO] 03:43:19:246 FileSystem/(14441:14467): Tabla del nodo: MAMIFEROS
[INFO] 03:43:19:260 FileSystem/(14441:14467): CONSISTENCIA: SC
[INFO] 03:43:19:264 FileSystem/(14441:14467): PARTICIONES: 3
[INFO] 03:43:19:264 FileSystem/(14441:14467): TIEMPO DE COMPACTACIÓN: 60000
[INFO] 03:43:19:265 FileSystem/(14441:14467): Tabla del nodo: MARINOS
[INFO] 03:43:19:267 FileSystem/(14441:14467): CONSISTENCIA: SC
[INFO] 03:43:19:267 FileSystem/(14441:14467): PARTICIONES: 1
[INFO] 03:43:19:270 FileSystem/(14441:14467): TIEMPO DE COMPACTACIÓN: 10000
[INFO] 03:43:19:270 FileSystem/(14441:14467): Enviamos a la memoria todas las metadatas existentes.
[INFO] 03:43:19:417 FileSystem/(14441:14467): - SE HAN ENVIADO 68 BYTES CON EXITO
[INFO] 03:43:35:809 FileSystem/(14441:14450): INICIO DE PROCESO DUMP
[INFO] 03:43:35:812 FileSystem/(14441:14450): MEMTABLE RESETEADA
[INFO] 03:44:15:813 FileSystem/(14441:14450): INICIO DE PROCESO DUMP
[INFO] 03:44:15:814 FileSystem/(14441:14450): MEMTABLE RESETEADA
[INFO] 03:44:55:815 FileSystem/(14441:14450): INICIO DE PROCESO DUMP
[INFO] 03:44:55:817 FileSystem/(14441:14450): MEMTABLE RESETEADA
[INFO] 03:45:42:727 FileSystem/(14587:14587): - LOG INICIADO
[INFO] 03:45:42:868 FileSystem/(14587:14587): =======================================================================================
[INFO] 03:45:42:872 FileSystem/(14587:14587): - CONFIGURACION Y METADATA IMPORTADA
[INFO] 03:45:42:891 FileSystem/(14587:14587): · Puerto escucha = 5004
[INFO] 03:45:42:893 FileSystem/(14587:14587): · Punto de Montaje = FileSystem/
[INFO] 03:45:42:896 FileSystem/(14587:14587): · Retardo = 800
[INFO] 03:45:42:898 FileSystem/(14587:14587): · Tamaño Máximo de un Value = 65
[INFO] 03:45:42:900 FileSystem/(14587:14587): · Tiempo Dump = 40000
[INFO] 03:45:42:901 FileSystem/(14587:14587): · Magic number = "LISSANDRA"
[INFO] 03:45:42:903 FileSystem/(14587:14587): · Cantidad de bloques = 50
[INFO] 03:45:42:905 FileSystem/(14587:14587): · Tamaño de bloques = 64
[INFO] 03:45:42:911 FileSystem/(14587:14587): - PROCESO CONFIGURADO CON EXITO!
[INFO] 03:45:42:917 FileSystem/(14587:14587): BITMAP EXISTENTE ENCONTRADO, SE CARGA EN MEMORIA
[INFO] 03:45:43:54 FileSystem/(14587:14592): INICIANDO COMPACTACION DE LA TABLA AVES:
[INFO] 03:45:43:76 FileSystem/(14587:14592): INGRESANDO A METADATA, PATH: FileSystem/Tables/AVES/MetaData
[INFO] 03:45:43:170 FileSystem/(14587:14592): INICIANDO COMPACTACION DE LA TABLA MAMIFEROS:
[INFO] 03:45:43:228 FileSystem/(14587:14592): INGRESANDO A METADATA, PATH: FileSystem/Tables/MAMIFEROS/MetaData
[INFO] 03:45:43:263 FileSystem/(14587:14592): INICIANDO COMPACTACION DE LA TABLA MARINOS:
[INFO] 03:45:43:266 FileSystem/(14587:14592): INGRESANDO A METADATA, PATH: FileSystem/Tables/MARINOS/MetaData
[INFO] 03:46:35:300 FileSystem/(14606:14606): - LOG INICIADO
[INFO] 03:46:35:480 FileSystem/(14606:14606): =======================================================================================
[INFO] 03:46:35:484 FileSystem/(14606:14606): - CONFIGURACION Y METADATA IMPORTADA
[INFO] 03:46:35:506 FileSystem/(14606:14606): · Puerto escucha = 5004
[INFO] 03:46:35:512 FileSystem/(14606:14606): · Punto de Montaje = FileSystem/
[INFO] 03:46:35:513 FileSystem/(14606:14606): · Retardo = 800
[INFO] 03:46:35:516 FileSystem/(14606:14606): · Tamaño Máximo de un Value = 65
[INFO] 03:46:35:517 FileSystem/(14606:14606): · Tiempo Dump = 40000
[INFO] 03:46:35:519 FileSystem/(14606:14606): · Magic number = "LISSANDRA"
[INFO] 03:46:35:519 FileSystem/(14606:14606): · Cantidad de bloques = 50
[INFO] 03:46:35:522 FileSystem/(14606:14606): · Tamaño de bloques = 64
[INFO] 03:46:35:531 FileSystem/(14606:14606): - PROCESO CONFIGURADO CON EXITO!
[INFO] 03:46:35:545 FileSystem/(14606:14606): BITMAP EXISTENTE ENCONTRADO, SE CARGA EN MEMORIA
[INFO] 03:46:35:693 FileSystem/(14606:14609): INICIANDO COMPACTACION DE LA TABLA AVES:
[INFO] 03:46:35:728 FileSystem/(14606:14609): INGRESANDO A METADATA, PATH: FileSystem/Tables/AVES/MetaData
[INFO] 03:46:35:895 FileSystem/(14606:14609): INICIANDO COMPACTACION DE LA TABLA MAMIFEROS:
[INFO] 03:46:35:898 FileSystem/(14606:14609): INGRESANDO A METADATA, PATH: FileSystem/Tables/MAMIFEROS/MetaData
[INFO] 03:46:35:904 FileSystem/(14606:14609): INICIANDO COMPACTACION DE LA TABLA MARINOS:
[INFO] 03:46:35:908 FileSystem/(14606:14609): INGRESANDO A METADATA, PATH: FileSystem/Tables/MARINOS/MetaData
[INFO] 03:47:10:518 FileSystem/(14621:14621): - LOG INICIADO
[INFO] 03:47:10:672 FileSystem/(14621:14621): =======================================================================================
[INFO] 03:47:10:677 FileSystem/(14621:14621): - CONFIGURACION Y METADATA IMPORTADA
[INFO] 03:47:10:699 FileSystem/(14621:14621): · Puerto escucha = 5004
[INFO] 03:47:10:702 FileSystem/(14621:14621): · Punto de Montaje = FileSystem/
[INFO] 03:47:10:705 FileSystem/(14621:14621): · Retardo = 800
[INFO] 03:47:10:707 FileSystem/(14621:14621): · Tamaño Máximo de un Value = 65
[INFO] 03:47:10:709 FileSystem/(14621:14621): · Tiempo Dump = 40000
[INFO] 03:47:10:711 FileSystem/(14621:14621): · Magic number = "LISSANDRA"
[INFO] 03:47:10:712 FileSystem/(14621:14621): · Cantidad de bloques = 50
[INFO] 03:47:10:713 FileSystem/(14621:14621): · Tamaño de bloques = 64
[INFO] 03:47:10:720 FileSystem/(14621:14621): - PROCESO CONFIGURADO CON EXITO!
[INFO] 03:47:10:730 FileSystem/(14621:14621): BITMAP EXISTENTE ENCONTRADO, SE CARGA EN MEMORIA
[INFO] 03:47:10:828 FileSystem/(14621:14624): INICIANDO COMPACTACION DE LA TABLA AVES:
[INFO] 03:47:10:852 FileSystem/(14621:14624): INGRESANDO A METADATA, PATH: FileSystem/Tables/AVES/MetaData
[INFO] 03:47:10:920 FileSystem/(14621:14624): INICIANDO COMPACTACION DE LA TABLA MAMIFEROS:
[INFO] 03:47:10:923 FileSystem/(14621:14624): INGRESANDO A METADATA, PATH: FileSystem/Tables/MAMIFEROS/MetaData
[INFO] 03:47:10:936 FileSystem/(14621:14624): INICIANDO COMPACTACION DE LA TABLA MARINOS:
[INFO] 03:47:10:938 FileSystem/(14621:14624): INGRESANDO A METADATA, PATH: FileSystem/Tables/MARINOS/MetaData
[INFO] 03:47:19:547 FileSystem/(14621:14635): Enviamos el tamaño maximo del registro a memoria: 65
[INFO] 03:47:19:639 FileSystem/(14621:14635): - SE HAN ENVIADO 14 BYTES CON EXITO
[INFO] 03:47:20:880 FileSystem/(14621:14627): =======================================================================================
[INFO] 03:47:20:890 FileSystem/(14621:14627): - CONFIGURACION Y METADATA IMPORTADA
[INFO] 03:47:20:893 FileSystem/(14621:14627): · Puerto escucha = 5004
[INFO] 03:47:20:898 FileSystem/(14621:14627): · Punto de Montaje = FileSystem/
[INFO] 03:47:20:898 FileSystem/(14621:14627): · Retardo = 800
[INFO] 03:47:20:899 FileSystem/(14621:14627): · Tamaño Máximo de un Value = 65
[INFO] 03:47:20:901 FileSystem/(14621:14627): · Tiempo Dump = 40000
[INFO] 03:47:20:901 FileSystem/(14621:14627): · Magic number = "LISSANDRA"
[INFO] 03:47:20:902 FileSystem/(14621:14627): · Cantidad de bloques = 50
[INFO] 03:47:20:902 FileSystem/(14621:14627): · Tamaño de bloques = 64
[INFO] 03:47:25:549 FileSystem/(14621:14635): Una memoria pidió un describe sin tabla especificada.
[INFO] 03:47:25:557 FileSystem/(14621:14635): METADATA DE TABLA AVES:
[INFO] 03:47:25:573 FileSystem/(14621:14635): INGRESANDO A METADATA, PATH: FileSystem/Tables/AVES/MetaData
[INFO] 03:47:25:586 FileSystem/(14621:14635): METADATA DE TABLA MAMIFEROS:
[INFO] 03:47:25:589 FileSystem/(14621:14635): INGRESANDO A METADATA, PATH: FileSystem/Tables/MAMIFEROS/MetaData
[INFO] 03:47:25:594 FileSystem/(14621:14635): METADATA DE TABLA MARINOS:
[INFO] 03:47:25:595 FileSystem/(14621:14635): INGRESANDO A METADATA, PATH: FileSystem/Tables/MARINOS/MetaData
[INFO] 03:47:25:632 FileSystem/(14621:14635): Tabla del nodo: AVES
[INFO] 03:47:25:635 FileSystem/(14621:14635): CONSISTENCIA: SC
[INFO] 03:47:25:638 FileSystem/(14621:14635): PARTICIONES: 5
[INFO] 03:47:25:641 FileSystem/(14621:14635): TIEMPO DE COMPACTACIÓN: 50000
[INFO] 03:47:25:643 FileSystem/(14621:14635): Tabla del nodo: MAMIFEROS
[INFO] 03:47:25:649 FileSystem/(14621:14635): CONSISTENCIA: SC
[INFO] 03:47:25:651 FileSystem/(14621:14635): PARTICIONES: 3
[INFO] 03:47:25:653 FileSystem/(14621:14635): TIEMPO DE COMPACTACIÓN: 60000
[INFO] 03:47:25:653 FileSystem/(14621:14635): Tabla del nodo: MARINOS
[INFO] 03:47:25:655 FileSystem/(14621:14635): CONSISTENCIA: SC
[INFO] 03:47:25:656 FileSystem/(14621:14635): PARTICIONES: 1
[INFO] 03:47:25:657 FileSystem/(14621:14635): TIEMPO DE COMPACTACIÓN: 10000
[INFO] 03:47:25:658 FileSystem/(14621:14635): Enviamos a la memoria todas las metadatas existentes.
[INFO] 03:47:25:705 FileSystem/(14621:14635): - SE HAN ENVIADO 68 BYTES CON EXITO
[INFO] 03:47:50:808 FileSystem/(14621:14625): INICIO DE PROCESO DUMP
[INFO] 03:47:50:812 FileSystem/(14621:14625): MEMTABLE RESETEADA
[INFO] 03:48:09:388 FileSystem/(14621:14635): Una memoria pidió un describe sin tabla especificada.
[INFO] 03:48:09:420 FileSystem/(14621:14635): METADATA DE TABLA AVES:
[INFO] 03:48:09:442 FileSystem/(14621:14635): INGRESANDO A METADATA, PATH: FileSystem/Tables/AVES/MetaData
[INFO] 03:48:09:451 FileSystem/(14621:14635): METADATA DE TABLA MAMIFEROS:
[INFO] 03:48:09:454 FileSystem/(14621:14635): INGRESANDO A METADATA, PATH: FileSystem/Tables/MAMIFEROS/MetaData
[INFO] 03:48:09:514 FileSystem/(14621:14635): METADATA DE TABLA MARINOS:
[INFO] 03:48:09:517 FileSystem/(14621:14635): INGRESANDO A METADATA, PATH: FileSystem/Tables/MARINOS/MetaData
[INFO] 03:48:09:523 FileSystem/(14621:14635): Tabla del nodo: AVES
[INFO] 03:48:09:530 FileSystem/(14621:14635): CONSISTENCIA: SC
[INFO] 03:48:09:542 FileSystem/(14621:14635): PARTICIONES: 5
[INFO] 03:48:09:570 FileSystem/(14621:14635): TIEMPO DE COMPACTACIÓN: 50000
[INFO] 03:48:09:571 FileSystem/(14621:14635): Tabla del nodo: MAMIFEROS
[INFO] 03:48:09:572 FileSystem/(14621:14635): CONSISTENCIA: SC
[INFO] 03:48:09:575 FileSystem/(14621:14635): PARTICIONES: 3
[INFO] 03:48:09:582 FileSystem/(14621:14635): TIEMPO DE COMPACTACIÓN: 60000
[INFO] 03:48:09:584 FileSystem/(14621:14635): Tabla del nodo: MARINOS
[INFO] 03:48:09:590 FileSystem/(14621:14635): CONSISTENCIA: SC
[INFO] 03:48:09:599 FileSystem/(14621:14635): PARTICIONES: 1
[INFO] 03:48:09:603 FileSystem/(14621:14635): TIEMPO DE COMPACTACIÓN: 10000
[INFO] 03:48:09:604 FileSystem/(14621:14635): Enviamos a la memoria todas las metadatas existentes.
[INFO] 03:48:09:637 FileSystem/(14621:14635): - SE HAN ENVIADO 68 BYTES CON EXITO
[INFO] 03:48:30:815 FileSystem/(14621:14625): INICIO DE PROCESO DUMP
[INFO] 03:48:30:815 FileSystem/(14621:14625): MEMTABLE RESETEADA
[INFO] 03:49:10:816 FileSystem/(14621:14625): INICIO DE PROCESO DUMP
[INFO] 03:49:10:816 FileSystem/(14621:14625): MEMTABLE RESETEADA
[INFO] 03:49:50:817 FileSystem/(14621:14625): INICIO DE PROCESO DUMP
[INFO] 03:49:50:817 FileSystem/(14621:14625): MEMTABLE RESETEADA
[INFO] 03:50:30:819 FileSystem/(14621:14625): INICIO DE PROCESO DUMP
[INFO] 03:50:30:823 FileSystem/(14621:14625): MEMTABLE RESETEADA
[INFO] 03:51:10:825 FileSystem/(14621:14625): INICIO DE PROCESO DUMP
[INFO] 03:51:10:829 FileSystem/(14621:14625): MEMTABLE RESETEADA
[INFO] 03:51:50:831 FileSystem/(14621:14625): INICIO DE PROCESO DUMP
[INFO] 03:51:50:831 FileSystem/(14621:14625): MEMTABLE RESETEADA
[INFO] 03:54:04:706 FileSystem/(14886:14886): - LOG INICIADO
[INFO] 03:54:04:859 FileSystem/(14886:14886): =======================================================================================
[INFO] 03:54:04:864 FileSystem/(14886:14886): - CONFIGURACION Y METADATA IMPORTADA
[INFO] 03:54:04:889 FileSystem/(14886:14886): · Puerto escucha = 5004
[INFO] 03:54:04:892 FileSystem/(14886:14886): · Punto de Montaje = FileSystem/
[INFO] 03:54:04:894 FileSystem/(14886:14886): · Retardo = 800
[INFO] 03:54:04:897 FileSystem/(14886:14886): · Tamaño Máximo de un Value = 65
[INFO] 03:54:04:898 FileSystem/(14886:14886): · Tiempo Dump = 40000
[INFO] 03:54:04:903 FileSystem/(14886:14886): · Magic number = "LISSANDRA"
[INFO] 03:54:04:904 FileSystem/(14886:14886): · Cantidad de bloques = 50
[INFO] 03:54:04:907 FileSystem/(14886:14886): · Tamaño de bloques = 64
[INFO] 03:54:04:923 FileSystem/(14886:14886): - PROCESO CONFIGURADO CON EXITO!
[INFO] 03:54:04:931 FileSystem/(14886:14886): BITMAP EXISTENTE ENCONTRADO, SE CARGA EN MEMORIA
[INFO] 03:54:05:73 FileSystem/(14886:14889): INICIANDO COMPACTACION DE LA TABLA AVES:
[INFO] 03:54:05:95 FileSystem/(14886:14889): INGRESANDO A METADATA, PATH: FileSystem/Tables/AVES/MetaData
[INFO] 03:54:05:177 FileSystem/(14886:14889): INICIANDO COMPACTACION DE LA TABLA MAMIFEROS:
[INFO] 03:54:05:180 FileSystem/(14886:14889): INGRESANDO A METADATA, PATH: FileSystem/Tables/MAMIFEROS/MetaData
[INFO] 03:54:05:192 FileSystem/(14886:14889): INICIANDO COMPACTACION DE LA TABLA MARINOS:
[INFO] 03:54:05:194 FileSystem/(14886:14889): INGRESANDO A METADATA, PATH: FileSystem/Tables/MARINOS/MetaData
[INFO] 03:54:14:528 FileSystem/(14886:14901): Enviamos el tamaño maximo del registro a memoria: 65
[INFO] 03:54:14:630 FileSystem/(14886:14901): - SE HAN ENVIADO 14 BYTES CON EXITO
[INFO] 03:54:15:98 FileSystem/(14886:14892): =======================================================================================
[INFO] 03:54:15:99 FileSystem/(14886:14892): - CONFIGURACION Y METADATA IMPORTADA
[INFO] 03:54:15:102 FileSystem/(14886:14892): · Puerto escucha = 5004
[INFO] 03:54:15:105 FileSystem/(14886:14892): · Punto de Montaje = FileSystem/
[INFO] 03:54:15:107 FileSystem/(14886:14892): · Retardo = 800
[INFO] 03:54:15:109 FileSystem/(14886:14892): · Tamaño Máximo de un Value = 65
[INFO] 03:54:15:109 FileSystem/(14886:14892): · Tiempo Dump = 40000
[INFO] 03:54:15:110 FileSystem/(14886:14892): · Magic number = "LISSANDRA"
[INFO] 03:54:15:111 FileSystem/(14886:14892): · Cantidad de bloques = 50
[INFO] 03:54:15:112 FileSystem/(14886:14892): · Tamaño de bloques = 64
[INFO] 03:54:33:166 FileSystem/(14886:14901): Una memoria pidió un describe sin tabla especificada.
[INFO] 03:54:33:204 FileSystem/(14886:14901): METADATA DE TABLA AVES:
[INFO] 03:54:33:222 FileSystem/(14886:14901): INGRESANDO A METADATA, PATH: FileSystem/Tables/AVES/MetaData
[INFO] 03:54:33:246 FileSystem/(14886:14901): METADATA DE TABLA MAMIFEROS:
[INFO] 03:54:33:247 FileSystem/(14886:14901): INGRESANDO A METADATA, PATH: FileSystem/Tables/MAMIFEROS/MetaData
[INFO] 03:54:33:249 FileSystem/(14886:14901): METADATA DE TABLA MARINOS:
[INFO] 03:54:33:252 FileSystem/(14886:14901): INGRESANDO A METADATA, PATH: FileSystem/Tables/MARINOS/MetaData
[INFO] 03:54:33:277 FileSystem/(14886:14901): Tabla del nodo: AVES
[INFO] 03:54:33:281 FileSystem/(14886:14901): CONSISTENCIA: SC
[INFO] 03:54:33:285 FileSystem/(14886:14901): PARTICIONES: 5
[INFO] 03:54:33:288 FileSystem/(14886:14901): TIEMPO DE COMPACTACIÓN: 50000
[INFO] 03:54:33:290 FileSystem/(14886:14901): Tabla del nodo: MAMIFEROS
[INFO] 03:54:33:297 FileSystem/(14886:14901): CONSISTENCIA: SC
[INFO] 03:54:33:299 FileSystem/(14886:14901): PARTICIONES: 3
[INFO] 03:54:33:301 FileSystem/(14886:14901): TIEMPO DE COMPACTACIÓN: 60000
[INFO] 03:54:33:301 FileSystem/(14886:14901): Tabla del nodo: MARINOS
[INFO] 03:54:33:303 FileSystem/(14886:14901): CONSISTENCIA: SC
[INFO] 03:54:33:305 FileSystem/(14886:14901): PARTICIONES: 1
[INFO] 03:54:33:306 FileSystem/(14886:14901): TIEMPO DE COMPACTACIÓN: 10000
[INFO] 03:54:33:306 FileSystem/(14886:14901): Enviamos a la memoria todas las metadatas existentes.
[INFO] 03:54:33:352 FileSystem/(14886:14901): - SE HAN ENVIADO 68 BYTES CON EXITO
[INFO] 03:54:45:42 FileSystem/(14886:14890): INICIO DE PROCESO DUMP
[INFO] 03:54:45:44 FileSystem/(14886:14890): MEMTABLE RESETEADA
[INFO] 03:54:48:743 FileSystem/(14886:14901): Una memoria pidió un describe sin tabla especificada.
[INFO] 03:54:48:744 FileSystem/(14886:14901): METADATA DE TABLA AVES:
[INFO] 03:54:48:746 FileSystem/(14886:14901): INGRESANDO A METADATA, PATH: FileSystem/Tables/AVES/MetaData
[INFO] 03:54:48:748 FileSystem/(14886:14901): METADATA DE TABLA MAMIFEROS:
[INFO] 03:54:48:748 FileSystem/(14886:14901): INGRESANDO A METADATA, PATH: FileSystem/Tables/MAMIFEROS/MetaData
[INFO] 03:54:48:758 FileSystem/(14886:14901): METADATA DE TABLA MARINOS:
[INFO] 03:54:48:785 FileSystem/(14886:14901): INGRESANDO A METADATA, PATH: FileSystem/Tables/MARINOS/MetaData
[INFO] 03:54:48:787 FileSystem/(14886:14901): Tabla del nodo: AVES
[INFO] 03:54:48:795 FileSystem/(14886:14901): CONSISTENCIA: SC
[INFO] 03:54:48:812 FileSystem/(14886:14901): PARTICIONES: 5
[INFO] 03:54:48:815 FileSystem/(14886:14901): TIEMPO DE COMPACTACIÓN: 50000
[INFO] 03:54:48:815 FileSystem/(14886:14901): Tabla del nodo: MAMIFEROS
[INFO] 03:54:48:817 FileSystem/(14886:14901): CONSISTENCIA: SC
[INFO] 03:54:48:824 FileSystem/(14886:14901): PARTICIONES: 3
[INFO] 03:54:48:827 FileSystem/(14886:14901): TIEMPO DE COMPACTACIÓN: 60000
[INFO] 03:54:48:828 FileSystem/(14886:14901): Tabla del nodo: MARINOS
[INFO] 03:54:48:866 FileSystem/(14886:14901): CONSISTENCIA: SC
[INFO] 03:54:48:866 FileSystem/(14886:14901): PARTICIONES: 1
[INFO] 03:54:48:869 FileSystem/(14886:14901): TIEMPO DE COMPACTACIÓN: 10000
[INFO] 03:54:48:870 FileSystem/(14886:14901): Enviamos a la memoria todas las metadatas existentes.
[INFO] 03:54:48:880 FileSystem/(14886:14901): - SE HAN ENVIADO 68 BYTES CON EXITO
[INFO] 03:55:13:746 FileSystem/(14886:14901): Una memoria pidió un describe sin tabla especificada.
[INFO] 03:55:13:747 FileSystem/(14886:14901): METADATA DE TABLA AVES:
[INFO] 03:55:13:751 FileSystem/(14886:14901): INGRESANDO A METADATA, PATH: FileSystem/Tables/AVES/MetaData
[INFO] 03:55:13:759 FileSystem/(14886:14901): METADATA DE TABLA MAMIFEROS:
[INFO] 03:55:13:760 FileSystem/(14886:14901): INGRESANDO A METADATA, PATH: FileSystem/Tables/MAMIFEROS/MetaData
[INFO] 03:55:13:795 FileSystem/(14886:14901): METADATA DE TABLA MARINOS:
[INFO] 03:55:13:809 FileSystem/(14886:14901): INGRESANDO A METADATA, PATH: FileSystem/Tables/MARINOS/MetaData
[INFO] 03:55:13:823 FileSystem/(14886:14901): Tabla del nodo: AVES
[INFO] 03:55:13:838 FileSystem/(14886:14901): CONSISTENCIA: SC
[INFO] 03:55:13:840 FileSystem/(14886:14901): PARTICIONES: 5
[INFO] 03:55:13:841 FileSystem/(14886:14901): TIEMPO DE COMPACTACIÓN: 50000
[INFO] 03:55:13:841 FileSystem/(14886:14901): Tabla del nodo: MAMIFEROS
[INFO] 03:55:13:842 FileSystem/(14886:14901): CONSISTENCIA: SC
[INFO] 03:55:13:843 FileSystem/(14886:14901): PARTICIONES: 3
[INFO] 03:55:13:843 FileSystem/(14886:14901): TIEMPO DE COMPACTACIÓN: 60000
[INFO] 03:55:13:844 FileSystem/(14886:14901): Tabla del nodo: MARINOS
[INFO] 03:55:13:851 FileSystem/(14886:14901): CONSISTENCIA: SC
[INFO] 03:55:13:852 FileSystem/(14886:14901): PARTICIONES: 1
[INFO] 03:55:13:865 FileSystem/(14886:14901): TIEMPO DE COMPACTACIÓN: 10000
[INFO] 03:55:13:866 FileSystem/(14886:14901): Enviamos a la memoria todas las metadatas existentes.
[INFO] 03:55:13:884 FileSystem/(14886:14901): - SE HAN ENVIADO 68 BYTES CON EXITO
[INFO] 03:55:25:53 FileSystem/(14886:14890): INICIO DE PROCESO DUMP
[INFO] 03:55:25:54 FileSystem/(14886:14890): MEMTABLE RESETEADA
[INFO] 03:56:05:55 FileSystem/(14886:14890): INICIO DE PROCESO DUMP
[INFO] 03:56:05:55 FileSystem/(14886:14890): MEMTABLE RESETEADA
[INFO] 03:56:45:58 FileSystem/(14886:14890): INICIO DE PROCESO DUMP
[INFO] 03:56:45:60 FileSystem/(14886:14890): MEMTABLE RESETEADA
[INFO] 03:57:25:64 FileSystem/(14886:14890): INICIO DE PROCESO DUMP
[INFO] 03:57:25:70 FileSystem/(14886:14890): MEMTABLE RESETEADA
[INFO] 03:58:05:74 FileSystem/(14886:14890): INICIO DE PROCESO DUMP
[INFO] 03:58:05:74 FileSystem/(14886:14890): MEMTABLE RESETEADA
[INFO] 04:00:35:727 FileSystem/(15235:15235): - LOG INICIADO
[INFO] 04:00:35:879 FileSystem/(15235:15235): =======================================================================================
[INFO] 04:00:35:883 FileSystem/(15235:15235): - CONFIGURACION Y METADATA IMPORTADA
[INFO] 04:00:35:903 FileSystem/(15235:15235): · Puerto escucha = 5004
[INFO] 04:00:35:906 FileSystem/(15235:15235): · Punto de Montaje = FileSystem/
[INFO] 04:00:35:908 FileSystem/(15235:15235): · Retardo = 800
[INFO] 04:00:35:911 FileSystem/(15235:15235): · Tamaño Máximo de un Value = 65
[INFO] 04:00:35:913 FileSystem/(15235:15235): · Tiempo Dump = 40000
[INFO] 04:00:35:927 FileSystem/(15235:15235): · Magic number = "LISSANDRA"
[INFO] 04:00:35:929 FileSystem/(15235:15235): · Cantidad de bloques = 50
[INFO] 04:00:35:931 FileSystem/(15235:15235): · Tamaño de bloques = 64
[INFO] 04:00:35:939 FileSystem/(15235:15235): - PROCESO CONFIGURADO CON EXITO!
[INFO] 04:00:35:946 FileSystem/(15235:15235): BITMAP EXISTENTE ENCONTRADO, SE CARGA EN MEMORIA
[INFO] 04:00:36:61 FileSystem/(15235:15238): INICIANDO COMPACTACION DE LA TABLA AVES:
[INFO] 04:00:36:77 FileSystem/(15235:15238): INGRESANDO A METADATA, PATH: FileSystem/Tables/AVES/MetaData
[INFO] 04:00:36:176 FileSystem/(15235:15238): INICIANDO COMPACTACION DE LA TABLA MAMIFEROS:
[INFO] 04:00:36:178 FileSystem/(15235:15238): INGRESANDO A METADATA, PATH: FileSystem/Tables/MAMIFEROS/MetaData
[INFO] 04:00:36:185 FileSystem/(15235:15238): INICIANDO COMPACTACION DE LA TABLA MARINOS:
[INFO] 04:00:36:188 FileSystem/(15235:15238): INGRESANDO A METADATA, PATH: FileSystem/Tables/MARINOS/MetaData
[INFO] 04:00:45:498 FileSystem/(15235:15256): Enviamos el tamaño maximo del registro a memoria: 65
[INFO] 04:00:45:584 FileSystem/(15235:15256): - SE HAN ENVIADO 14 BYTES CON EXITO
[INFO] 04:00:46:78 FileSystem/(15235:15241): =======================================================================================
[INFO] 04:00:46:80 FileSystem/(15235:15241): - CONFIGURACION Y METADATA IMPORTADA
[INFO] 04:00:46:83 FileSystem/(15235:15241): · Puerto escucha = 5004
[INFO] 04:00:46:85 FileSystem/(15235:15241): · Punto de Montaje = FileSystem/
[INFO] 04:00:46:87 FileSystem/(15235:15241): · Retardo = 800
[INFO] 04:00:46:87 FileSystem/(15235:15241): · Tamaño Máximo de un Value = 65
[INFO] 04:00:46:88 FileSystem/(15235:15241): · Tiempo Dump = 40000
[INFO] 04:00:46:88 FileSystem/(15235:15241): · Magic number = "LISSANDRA"
[INFO] 04:00:46:89 FileSystem/(15235:15241): · Cantidad de bloques = 50
[INFO] 04:00:46:91 FileSystem/(15235:15241): · Tamaño de bloques = 64
[INFO] 04:00:55:882 FileSystem/(15235:15256): Una memoria pidió un describe sin tabla especificada.
[INFO] 04:00:55:918 FileSystem/(15235:15256): METADATA DE TABLA AVES:
[INFO] 04:00:55:924 FileSystem/(15235:15256): INGRESANDO A METADATA, PATH: FileSystem/Tables/AVES/MetaData
[INFO] 04:00:55:958 FileSystem/(15235:15256): METADATA DE TABLA MAMIFEROS:
[INFO] 04:00:55:961 FileSystem/(15235:15256): INGRESANDO A METADATA, PATH: FileSystem/Tables/MAMIFEROS/MetaData
[INFO] 04:00:55:963 FileSystem/(15235:15256): METADATA DE TABLA MARINOS:
[INFO] 04:00:55:966 FileSystem/(15235:15256): INGRESANDO A METADATA, PATH: FileSystem/Tables/MARINOS/MetaData
[INFO] 04:00:55:972 FileSystem/(15235:15256): Tabla del nodo: AVES
[INFO] 04:00:55:975 FileSystem/(15235:15256): CONSISTENCIA: SC
[INFO] 04:00:55:978 FileSystem/(15235:15256): PARTICIONES: 5
[INFO] 04:00:55:982 FileSystem/(15235:15256): TIEMPO DE COMPACTACIÓN: 50000
[INFO] 04:00:55:991 FileSystem/(15235:15256): Tabla del nodo: MAMIFEROS
[INFO] 04:00:55:994 FileSystem/(15235:15256): CONSISTENCIA: SC
[INFO] 04:00:55:996 FileSystem/(15235:15256): PARTICIONES: 3
[INFO] 04:00:55:997 FileSystem/(15235:15256): TIEMPO DE COMPACTACIÓN: 60000
[INFO] 04:00:55:998 FileSystem/(15235:15256): Tabla del nodo: MARINOS
[INFO] 04:00:56:8 FileSystem/(15235:15256): CONSISTENCIA: SC
[INFO] 04:00:56:16 FileSystem/(15235:15256): PARTICIONES: 1
[INFO] 04:00:56:17 FileSystem/(15235:15256): TIEMPO DE COMPACTACIÓN: 10000
[INFO] 04:00:56:18 FileSystem/(15235:15256): Enviamos a la memoria todas las metadatas existentes.
[INFO] 04:00:56:61 FileSystem/(15235:15256): - SE HAN ENVIADO 68 BYTES CON EXITO
[INFO] 04:01:03:826 FileSystem/(15235:15256): Una memoria pidió un describe sin tabla especificada.
[INFO] 04:01:03:830 FileSystem/(15235:15256): METADATA DE TABLA AVES:
[INFO] 04:01:03:838 FileSystem/(15235:15256): INGRESANDO A METADATA, PATH: FileSystem/Tables/AVES/MetaData
[INFO] 04:01:03:886 FileSystem/(15235:15256): METADATA DE TABLA MAMIFEROS:
[INFO] 04:01:03:896 FileSystem/(15235:15256): INGRESANDO A METADATA, PATH: FileSystem/Tables/MAMIFEROS/MetaData
[INFO] 04:01:03:919 FileSystem/(15235:15256): METADATA DE TABLA MARINOS:
[INFO] 04:01:03:927 FileSystem/(15235:15256): INGRESANDO A METADATA, PATH: FileSystem/Tables/MARINOS/MetaData
[INFO] 04:01:03:931 FileSystem/(15235:15256): Tabla del nodo: AVES
[INFO] 04:01:03:934 FileSystem/(15235:15256): CONSISTENCIA: SC
[INFO] 04:01:03:937 FileSystem/(15235:15256): PARTICIONES: 5
[INFO] 04:01:03:951 FileSystem/(15235:15256): TIEMPO DE COMPACTACIÓN: 50000
[INFO] 04:01:03:952 FileSystem/(15235:15256): Tabla del nodo: MAMIFEROS
[INFO] 04:01:03:965 FileSystem/(15235:15256): CONSISTENCIA: SC
[INFO] 04:01:03:986 FileSystem/(15235:15256): PARTICIONES: 3
[INFO] 04:01:03:988 FileSystem/(15235:15256): TIEMPO DE COMPACTACIÓN: 60000
[INFO] 04:01:03:993 FileSystem/(15235:15256): Tabla del nodo: MARINOS
[INFO] 04:01:03:5 FileSystem/(15235:15256): CONSISTENCIA: SC
[INFO] 04:01:04:18 FileSystem/(15235:15256): PARTICIONES: 1
[INFO] 04:01:04:27 FileSystem/(15235:15256): TIEMPO DE COMPACTACIÓN: 10000
[INFO] 04:01:04:59 FileSystem/(15235:15256): Enviamos a la memoria todas las metadatas existentes.
[INFO] 04:01:04:84 FileSystem/(15235:15256): - SE HAN ENVIADO 68 BYTES CON EXITO
[INFO] 04:01:16:37 FileSystem/(15235:15239): INICIO DE PROCESO DUMP
[INFO] 04:01:16:40 FileSystem/(15235:15239): MEMTABLE RESETEADA
[INFO] 04:01:56:41 FileSystem/(15235:15239): INICIO DE PROCESO DUMP
[INFO] 04:01:56:41 FileSystem/(15235:15239): MEMTABLE RESETEADA
[INFO] 04:02:08:512 FileSystem/(15235:15256): Una memoria pidió un describe sin tabla especificada.
[INFO] 04:02:08:514 FileSystem/(15235:15256): METADATA DE TABLA AVES:
[INFO] 04:02:08:515 FileSystem/(15235:15256): INGRESANDO A METADATA, PATH: FileSystem/Tables/AVES/MetaData
[INFO] 04:02:08:517 FileSystem/(15235:15256): METADATA DE TABLA MAMIFEROS:
[INFO] 04:02:08:543 FileSystem/(15235:15256): INGRESANDO A METADATA, PATH: FileSystem/Tables/MAMIFEROS/MetaData
[INFO] 04:02:08:545 FileSystem/(15235:15256): METADATA DE TABLA MARINOS:
[INFO] 04:02:08:564 FileSystem/(15235:15256): INGRESANDO A METADATA, PATH: FileSystem/Tables/MARINOS/MetaData
[INFO] 04:02:08:575 FileSystem/(15235:15256): Tabla del nodo: AVES
[INFO] 04:02:08:598 FileSystem/(15235:15256): CONSISTENCIA: SC
[INFO] 04:02:08:600 FileSystem/(15235:15256): PARTICIONES: 5
[INFO] 04:02:08:611 FileSystem/(15235:15256): TIEMPO DE COMPACTACIÓN: 50000
[INFO] 04:02:08:612 FileSystem/(15235:15256): Tabla del nodo: MAMIFEROS
[INFO] 04:02:08:618 FileSystem/(15235:15256): CONSISTENCIA: SC
[INFO] 04:02:08:619 FileSystem/(15235:15256): PARTICIONES: 3
[INFO] 04:02:08:622 FileSystem/(15235:15256): TIEMPO DE COMPACTACIÓN: 60000
[INFO] 04:02:08:622 FileSystem/(15235:15256): Tabla del nodo: MARINOS
[INFO] 04:02:08:629 FileSystem/(15235:15256): CONSISTENCIA: SC
[INFO] 04:02:08:631 FileSystem/(15235:15256): PARTICIONES: 1
[INFO] 04:02:08:643 FileSystem/(15235:15256): TIEMPO DE COMPACTACIÓN: 10000
[INFO] 04:02:08:644 FileSystem/(15235:15256): Enviamos a la memoria todas las metadatas existentes.
[INFO] 04:02:08:675 FileSystem/(15235:15256): - SE HAN ENVIADO 68 BYTES CON EXITO
[INFO] 04:02:36:48 FileSystem/(15235:15239): INICIO DE PROCESO DUMP
[INFO] 04:02:36:49 FileSystem/(15235:15239): MEMTABLE RESETEADA
[INFO] 04:03:16:50 FileSystem/(15235:15239): INICIO DE PROCESO DUMP
[INFO] 04:03:16:50 FileSystem/(15235:15239): MEMTABLE RESETEADA
[INFO] 04:03:34:462 FileSystem/(15235:15256): Una memoria pidió un describe sin tabla especificada.
[INFO] 04:03:34:463 FileSystem/(15235:15256): METADATA DE TABLA AVES:
[INFO] 04:03:34:464 FileSystem/(15235:15256): INGRESANDO A METADATA, PATH: FileSystem/Tables/AVES/MetaData
[INFO] 04:03:34:482 FileSystem/(15235:15256): METADATA DE TABLA MAMIFEROS:
[INFO] 04:03:34:484 FileSystem/(15235:15256): INGRESANDO A METADATA, PATH: FileSystem/Tables/MAMIFEROS/MetaData
[INFO] 04:03:34:499 FileSystem/(15235:15256): METADATA DE TABLA MARINOS:
[INFO] 04:03:34:505 FileSystem/(15235:15256): INGRESANDO A METADATA, PATH: FileSystem/Tables/MARINOS/MetaData
[INFO] 04:03:34:511 FileSystem/(15235:15256): Tabla del nodo: AVES
[INFO] 04:03:34:524 FileSystem/(15235:15256): CONSISTENCIA: SC
[INFO] 04:03:34:542 FileSystem/(15235:15256): PARTICIONES: 5
[INFO] 04:03:34:554 FileSystem/(15235:15256): TIEMPO DE COMPACTACIÓN: 50000
[INFO] 04:03:34:555 FileSystem/(15235:15256): Tabla del nodo: MAMIFEROS
[INFO] 04:03:34:561 FileSystem/(15235:15256): CONSISTENCIA: SC
[INFO] 04:03:34:564 FileSystem/(15235:15256): PARTICIONES: 3
[INFO] 04:03:34:565 FileSystem/(15235:15256): TIEMPO DE COMPACTACIÓN: 60000
[INFO] 04:03:34:565 FileSystem/(15235:15256): Tabla del nodo: MARINOS
[INFO] 04:03:34:573 FileSystem/(15235:15256): CONSISTENCIA: SC
[INFO] 04:03:34:576 FileSystem/(15235:15256): PARTICIONES: 1
[INFO] 04:03:34:583 FileSystem/(15235:15256): TIEMPO DE COMPACTACIÓN: 10000
[INFO] 04:03:34:584 FileSystem/(15235:15256): Enviamos a la memoria todas las metadatas existentes.
[INFO] 04:03:34:609 FileSystem/(15235:15256): - SE HAN ENVIADO 68 BYTES CON EXITO
[INFO] 04:03:44:39 FileSystem/(15235:15256): Una memoria pidió un describe sin tabla especificada.
[INFO] 04:03:44:40 FileSystem/(15235:15256): METADATA DE TABLA AVES:
[INFO] 04:03:44:41 FileSystem/(15235:15256): INGRESANDO A METADATA, PATH: FileSystem/Tables/AVES/MetaData
[INFO] 04:03:44:42 FileSystem/(15235:15256): METADATA DE TABLA MAMIFEROS:
[INFO] 04:03:44:43 FileSystem/(15235:15256): INGRESANDO A METADATA, PATH: FileSystem/Tables/MAMIFEROS/MetaData
[INFO] 04:03:44:44 FileSystem/(15235:15256): METADATA DE TABLA MARINOS:
[INFO] 04:03:44:73 FileSystem/(15235:15256): INGRESANDO A METADATA, PATH: FileSystem/Tables/MARINOS/MetaData
[INFO] 04:03:44:83 FileSystem/(15235:15256): Tabla del nodo: AVES
[INFO] 04:03:44:86 FileSystem/(15235:15256): CONSISTENCIA: SC
[INFO] 04:03:44:89 FileSystem/(15235:15256): PARTICIONES: 5
[INFO] 04:03:44:96 FileSystem/(15235:15256): TIEMPO DE COMPACTACIÓN: 50000
[INFO] 04:03:44:107 FileSystem/(15235:15256): Tabla del nodo: MAMIFEROS
[INFO] 04:03:44:108 FileSystem/(15235:15256): CONSISTENCIA: SC
[INFO] 04:03:44:135 FileSystem/(15235:15256): PARTICIONES: 3
[INFO] 04:03:44:150 FileSystem/(15235:15256): TIEMPO DE COMPACTACIÓN: 60000
[INFO] 04:03:44:159 FileSystem/(15235:15256): Tabla del nodo: MARINOS
[INFO] 04:03:44:173 FileSystem/(15235:15256): CONSISTENCIA: SC
[INFO] 04:03:44:179 FileSystem/(15235:15256): PARTICIONES: 1
[INFO] 04:03:44:185 FileSystem/(15235:15256): TIEMPO DE COMPACTACIÓN: 10000
[INFO] 04:03:44:186 FileSystem/(15235:15256): Enviamos a la memoria todas las metadatas existentes.
[INFO] 04:03:44:206 FileSystem/(15235:15256): - SE HAN ENVIADO 68 BYTES CON EXITO
[INFO] 04:03:56:51 FileSystem/(15235:15239): INICIO DE PROCESO DUMP
[INFO] 04:03:56:52 FileSystem/(15235:15239): MEMTABLE RESETEADA
[INFO] 04:04:10:778 FileSystem/(15235:15256): Una memoria pidió un describe sin tabla especificada.
[INFO] 04:04:10:779 FileSystem/(15235:15256): METADATA DE TABLA AVES:
[INFO] 04:04:10:780 FileSystem/(15235:15256): INGRESANDO A METADATA, PATH: FileSystem/Tables/AVES/MetaData
[INFO] 04:04:10:796 FileSystem/(15235:15256): METADATA DE TABLA MAMIFEROS:
[INFO] 04:04:10:806 FileSystem/(15235:15256): INGRESANDO A METADATA, PATH: FileSystem/Tables/MAMIFEROS/MetaData
[INFO] 04:04:10:808 FileSystem/(15235:15256): METADATA DE TABLA MARINOS:
[INFO] 04:04:10:831 FileSystem/(15235:15256): INGRESANDO A METADATA, PATH: FileSystem/Tables/MARINOS/MetaData
[INFO] 04:04:10:844 FileSystem/(15235:15256): Tabla del nodo: AVES
[INFO] 04:04:10:847 FileSystem/(15235:15256): CONSISTENCIA: SC
[INFO] 04:04:10:853 FileSystem/(15235:15256): PARTICIONES: 5
[INFO] 04:04:10:863 FileSystem/(15235:15256): TIEMPO DE COMPACTACIÓN: 50000
[INFO] 04:04:10:863 FileSystem/(15235:15256): Tabla del nodo: MAMIFEROS
[INFO] 04:04:10:883 FileSystem/(15235:15256): CONSISTENCIA: SC
[INFO] 04:04:10:885 FileSystem/(15235:15256): PARTICIONES: 3
[INFO] 04:04:10:887 FileSystem/(15235:15256): TIEMPO DE COMPACTACIÓN: 60000
[INFO] 04:04:10:887 FileSystem/(15235:15256): Tabla del nodo: MARINOS
[INFO] 04:04:10:890 FileSystem/(15235:15256): CONSISTENCIA: SC
[INFO] 04:04:10:894 FileSystem/(15235:15256): PARTICIONES: 1
[INFO] 04:04:10:905 FileSystem/(15235:15256): TIEMPO DE COMPACTACIÓN: 10000
[INFO] 04:04:10:905 FileSystem/(15235:15256): Enviamos a la memoria todas las metadatas existentes.
[INFO] 04:04:10:920 FileSystem/(15235:15256): - SE HAN ENVIADO 68 BYTES CON EXITO
[INFO] 04:04:36:52 FileSystem/(15235:15239): INICIO DE PROCESO DUMP
[INFO] 04:04:36:53 FileSystem/(15235:15239): MEMTABLE RESETEADA
[INFO] 04:05:16:53 FileSystem/(15235:15239): INICIO DE PROCESO DUMP
[INFO] 04:05:16:54 FileSystem/(15235:15239): MEMTABLE RESETEADA
[INFO] 04:05:56:56 FileSystem/(15235:15239): INICIO DE PROCESO DUMP
[INFO] 04:05:56:56 FileSystem/(15235:15239): MEMTABLE RESETEADA
[INFO] 04:06:36:57 FileSystem/(15235:15239): INICIO DE PROCESO DUMP
[INFO] 04:06:36:60 FileSystem/(15235:15239): MEMTABLE RESETEADA
[INFO] 04:07:16:63 FileSystem/(15235:15239): INICIO DE PROCESO DUMP
[INFO] 04:07:16:64 FileSystem/(15235:15239): MEMTABLE RESETEADA
