[INFO] 03:37:43:51 KERNEL/(14214:14214): - LOG INICIADO
[INFO] 03:37:44:226 KERNEL/(14214:14214): IP DE LA MEMORIA: 172.17.0.1
[INFO] 03:37:44:234 KERNEL/(14214:14214): PUERTO DE LA MEMORIA: 5003
[INFO] 03:37:44:270 KERNEL/(14214:14214): - CONEXION EXITOSA
[TRACE] 03:37:44:287 KERNEL/(14214:14214): - Conectado a Memoria a través del socket 4
[INFO] 03:37:44:384 KERNEL/(14214:14214): - SE HAN ENVIADO 14 BYTES CON EXITO
[INFO] 03:37:44:450 KERNEL/(14214:14214): Recibimos el tamaño máximo de registro correctamente
[INFO] 03:37:44:521 KERNEL/(14214:14214): - SE HAN ENVIADO 14 BYTES CON EXITO
[INFO] 03:37:44:662 KERNEL/(14214:14214): Puerto de la memoria: 5003
[INFO] 03:37:44:667 KERNEL/(14214:14214): Ip de la memoria: 172.17.0.1
[INFO] 03:37:44:671 KERNEL/(14214:14214): ID de la memoria: 1
[INFO] 03:37:44:790 KERNEL/(14214:14218): - SE HAN ENVIADO 24 BYTES CON EXITO
[INFO] 03:37:45:398 KERNEL/(14214:14218): Tabla: AVES
[INFO] 03:37:45:478 KERNEL/(14214:14218): CONSISTENCIA: SC
[INFO] 03:37:45:505 KERNEL/(14214:14218): PARTICIONES: 5
[INFO] 03:37:45:548 KERNEL/(14214:14218): TIEMPO DE COMPACTACIÓN: 50000
[INFO] 03:37:45:556 KERNEL/(14214:14218): Tabla: MAMIFEROS
[INFO] 03:37:45:559 KERNEL/(14214:14218): CONSISTENCIA: SC
[INFO] 03:37:45:595 KERNEL/(14214:14218): PARTICIONES: 3
[INFO] 03:37:45:596 KERNEL/(14214:14218): TIEMPO DE COMPACTACIÓN: 60000
[INFO] 03:37:45:598 KERNEL/(14214:14218): Tabla: MARINOS
[INFO] 03:37:45:606 KERNEL/(14214:14218): CONSISTENCIA: SC
[INFO] 03:37:45:608 KERNEL/(14214:14218): PARTICIONES: 1
[INFO] 03:37:45:634 KERNEL/(14214:14218): TIEMPO DE COMPACTACIÓN: 10000
[INFO] 03:38:32:317 KERNEL/(14245:14245): - LOG INICIADO
[INFO] 03:38:32:506 KERNEL/(14245:14245): IP DE LA MEMORIA: 172.17.0.1
[INFO] 03:38:32:516 KERNEL/(14245:14245): PUERTO DE LA MEMORIA: 5003
[INFO] 03:38:32:539 KERNEL/(14245:14245): - CONEXION EXITOSA
[TRACE] 03:38:32:573 KERNEL/(14245:14245): - Conectado a Memoria a través del socket 4
[INFO] 03:38:32:625 KERNEL/(14245:14245): - SE HAN ENVIADO 14 BYTES CON EXITO
[INFO] 03:38:32:686 KERNEL/(14245:14245): Recibimos el tamaño máximo de registro correctamente
[INFO] 03:38:32:695 KERNEL/(14245:14245): - SE HAN ENVIADO 14 BYTES CON EXITO
[INFO] 03:38:32:795 KERNEL/(14245:14245): Puerto de la memoria: 5003
[INFO] 03:38:32:810 KERNEL/(14245:14245): Ip de la memoria: 172.17.0.1
[INFO] 03:38:32:811 KERNEL/(14245:14245): ID de la memoria: 1
[INFO] 03:38:32:935 KERNEL/(14245:14249): - SE HAN ENVIADO 24 BYTES CON EXITO
[INFO] 03:38:33:243 KERNEL/(14245:14249): Tabla: AVES
[INFO] 03:38:33:316 KERNEL/(14245:14249): CONSISTENCIA: SC
[INFO] 03:38:33:340 KERNEL/(14245:14249): PARTICIONES: 5
[INFO] 03:38:33:344 KERNEL/(14245:14249): TIEMPO DE COMPACTACIÓN: 50000
[INFO] 03:38:33:379 KERNEL/(14245:14249): Tabla: MAMIFEROS
[INFO] 03:38:33:384 KERNEL/(14245:14249): CONSISTENCIA: SC
[INFO] 03:38:33:386 KERNEL/(14245:14249): PARTICIONES: 3
[INFO] 03:38:33:393 KERNEL/(14245:14249): TIEMPO DE COMPACTACIÓN: 60000
[INFO] 03:38:33:425 KERNEL/(14245:14249): Tabla: MARINOS
[INFO] 03:38:33:429 KERNEL/(14245:14249): CONSISTENCIA: SC
[INFO] 03:38:33:444 KERNEL/(14245:14249): PARTICIONES: 1
[INFO] 03:38:33:536 KERNEL/(14245:14249): TIEMPO DE COMPACTACIÓN: 10000
[INFO] 03:38:47:801 KERNEL/(14259:14259): - LOG INICIADO
[INFO] 03:38:48:33 KERNEL/(14259:14259): IP DE LA MEMORIA: 172.17.0.1
[INFO] 03:38:48:44 KERNEL/(14259:14259): PUERTO DE LA MEMORIA: 5003
[INFO] 03:38:48:84 KERNEL/(14259:14259): - CONEXION EXITOSA
[TRACE] 03:38:48:103 KERNEL/(14259:14259): - Conectado a Memoria a través del socket 4
[INFO] 03:38:48:200 KERNEL/(14259:14259): - SE HAN ENVIADO 14 BYTES CON EXITO
[INFO] 03:38:48:298 KERNEL/(14259:14259): Recibimos el tamaño máximo de registro correctamente
[INFO] 03:38:48:336 KERNEL/(14259:14259): - SE HAN ENVIADO 14 BYTES CON EXITO
[INFO] 03:38:48:478 KERNEL/(14259:14259): Puerto de la memoria: 5003
[INFO] 03:38:48:489 KERNEL/(14259:14259): Ip de la memoria: 172.17.0.1
[INFO] 03:38:48:491 KERNEL/(14259:14259): ID de la memoria: 1
[INFO] 03:38:48:644 KERNEL/(14259:14262): - SE HAN ENVIADO 24 BYTES CON EXITO
[INFO] 03:38:49:337 KERNEL/(14259:14262): Tabla: AVES
[INFO] 03:38:49:411 KERNEL/(14259:14262): CONSISTENCIA: SC
[INFO] 03:38:49:442 KERNEL/(14259:14262): PARTICIONES: 5
[INFO] 03:38:49:447 KERNEL/(14259:14262): TIEMPO DE COMPACTACIÓN: 50000
[INFO] 03:38:49:488 KERNEL/(14259:14262): Tabla: MAMIFEROS
[INFO] 03:38:49:495 KERNEL/(14259:14262): CONSISTENCIA: SC
[INFO] 03:38:49:562 KERNEL/(14259:14262): PARTICIONES: 3
[INFO] 03:38:49:574 KERNEL/(14259:14262): TIEMPO DE COMPACTACIÓN: 60000
[INFO] 03:38:49:575 KERNEL/(14259:14262): Tabla: MARINOS
[INFO] 03:38:49:647 KERNEL/(14259:14262): CONSISTENCIA: SC
[INFO] 03:38:49:653 KERNEL/(14259:14262): PARTICIONES: 1
[INFO] 03:38:49:689 KERNEL/(14259:14262): TIEMPO DE COMPACTACIÓN: 10000
[INFO] 03:43:17:775 KERNEL/(14473:14473): - LOG INICIADO
[INFO] 03:43:17:993 KERNEL/(14473:14473): IP DE LA MEMORIA: 172.17.0.1
[INFO] 03:43:18:3 KERNEL/(14473:14473): PUERTO DE LA MEMORIA: 5003
[INFO] 03:43:18:48 KERNEL/(14473:14473): - CONEXION EXITOSA
[TRACE] 03:43:18:86 KERNEL/(14473:14473): - Conectado a Memoria a través del socket 4
[INFO] 03:43:18:347 KERNEL/(14473:14473): - SE HAN ENVIADO 14 BYTES CON EXITO
[INFO] 03:43:18:434 KERNEL/(14473:14473): Recibimos el tamaño máximo de registro correctamente
[INFO] 03:43:18:486 KERNEL/(14473:14473): - SE HAN ENVIADO 14 BYTES CON EXITO
[INFO] 03:43:18:729 KERNEL/(14473:14473): Puerto de la memoria: 5003
[INFO] 03:43:18:734 KERNEL/(14473:14473): Ip de la memoria: 172.17.0.1
[INFO] 03:43:18:737 KERNEL/(14473:14473): ID de la memoria: 1
[INFO] 03:43:18:863 KERNEL/(14473:14476): - SE HAN ENVIADO 24 BYTES CON EXITO
[INFO] 03:43:19:650 KERNEL/(14473:14476): Tabla: AVES
[INFO] 03:43:19:751 KERNEL/(14473:14476): CONSISTENCIA: SC
[INFO] 03:43:19:780 KERNEL/(14473:14476): PARTICIONES: 5
[INFO] 03:43:19:847 KERNEL/(14473:14476): TIEMPO DE COMPACTACIÓN: 50000
[INFO] 03:43:19:850 KERNEL/(14473:14476): Tabla: MAMIFEROS
[INFO] 03:43:19:862 KERNEL/(14473:14476): CONSISTENCIA: SC
[INFO] 03:43:19:928 KERNEL/(14473:14476): PARTICIONES: 3
[INFO] 03:43:19:930 KERNEL/(14473:14476): TIEMPO DE COMPACTACIÓN: 60000
[INFO] 03:43:19:934 KERNEL/(14473:14476): Tabla: MARINOS
[INFO] 03:43:19:991 KERNEL/(14473:14476): CONSISTENCIA: SC
[INFO] 03:43:19:995 KERNEL/(14473:14476): PARTICIONES: 1
[INFO] 03:43:19:996 KERNEL/(14473:14476): TIEMPO DE COMPACTACIÓN: 10000
[INFO] 03:47:24:607 KERNEL/(14639:14639): - LOG INICIADO
[INFO] 03:47:24:791 KERNEL/(14639:14639): IP DE LA MEMORIA: 172.17.0.1
[INFO] 03:47:24:801 KERNEL/(14639:14639): PUERTO DE LA MEMORIA: 5003
[INFO] 03:47:24:832 KERNEL/(14639:14639): - CONEXION EXITOSA
[TRACE] 03:47:24:877 KERNEL/(14639:14639): - Conectado a Memoria a través del socket 4
[INFO] 03:47:24:976 KERNEL/(14639:14639): - SE HAN ENVIADO 14 BYTES CON EXITO
[INFO] 03:47:25:85 KERNEL/(14639:14639): Recibimos el tamaño máximo de registro correctamente
[INFO] 03:47:25:97 KERNEL/(14639:14639): - SE HAN ENVIADO 14 BYTES CON EXITO
[INFO] 03:47:25:222 KERNEL/(14639:14639): Puerto de la memoria: 5003
[INFO] 03:47:25:227 KERNEL/(14639:14639): Ip de la memoria: 172.17.0.1
[INFO] 03:47:25:252 KERNEL/(14639:14639): ID de la memoria: 1
[INFO] 03:47:25:393 KERNEL/(14639:14642): - SE HAN ENVIADO 24 BYTES CON EXITO
[INFO] 03:47:25:464 KERNEL/(14639:14647): - CONEXION EXITOSA
[TRACE] 03:47:25:472 KERNEL/(14639:14647): - Conectado a Memoria a través del socket 5
[INFO] 03:47:25:486 KERNEL/(14639:14647): - SE HAN ENVIADO 14 BYTES CON EXITO
[INFO] 03:48:08:511 KERNEL/(14662:14662): - LOG INICIADO
[INFO] 03:48:08:720 KERNEL/(14662:14662): IP DE LA MEMORIA: 172.17.0.1
[INFO] 03:48:08:732 KERNEL/(14662:14662): PUERTO DE LA MEMORIA: 5003
[INFO] 03:48:08:772 KERNEL/(14662:14662): - CONEXION EXITOSA
[TRACE] 03:48:08:792 KERNEL/(14662:14662): - Conectado a Memoria a través del socket 4
[INFO] 03:48:08:925 KERNEL/(14662:14662): - SE HAN ENVIADO 14 BYTES CON EXITO
[INFO] 03:48:09:31 KERNEL/(14662:14662): Recibimos el tamaño máximo de registro correctamente
[INFO] 03:48:09:40 KERNEL/(14662:14662): - SE HAN ENVIADO 14 BYTES CON EXITO
[INFO] 03:48:09:175 KERNEL/(14662:14662): Puerto de la memoria: 5003
[INFO] 03:48:09:177 KERNEL/(14662:14662): Ip de la memoria: 172.17.0.1
[INFO] 03:48:09:235 KERNEL/(14662:14662): ID de la memoria: 1
[INFO] 03:48:09:372 KERNEL/(14662:14666): - SE HAN ENVIADO 24 BYTES CON EXITO
[INFO] 03:48:09:834 KERNEL/(14662:14666): Tabla: AVES
[INFO] 03:48:09:956 KERNEL/(14662:14666): CONSISTENCIA: SC
[INFO] 03:48:10:23 KERNEL/(14662:14666): PARTICIONES: 5
[INFO] 03:48:10:91 KERNEL/(14662:14666): TIEMPO DE COMPACTACIÓN: 50000
[INFO] 03:48:10:94 KERNEL/(14662:14666): Tabla: MAMIFEROS
[INFO] 03:48:10:143 KERNEL/(14662:14666): CONSISTENCIA: SC
[INFO] 03:48:10:149 KERNEL/(14662:14666): PARTICIONES: 3
[INFO] 03:48:10:153 KERNEL/(14662:14666): TIEMPO DE COMPACTACIÓN: 60000
[INFO] 03:48:10:176 KERNEL/(14662:14666): Tabla: MARINOS
[INFO] 03:48:10:179 KERNEL/(14662:14666): CONSISTENCIA: SC
[INFO] 03:48:10:179 KERNEL/(14662:14666): PARTICIONES: 1
[INFO] 03:48:10:180 KERNEL/(14662:14666): TIEMPO DE COMPACTACIÓN: 10000
[INFO] 03:54:32:302 KERNEL/(14906:14906): - LOG INICIADO
[INFO] 03:54:32:484 KERNEL/(14906:14906): IP DE LA MEMORIA: 172.17.0.1
[INFO] 03:54:32:494 KERNEL/(14906:14906): PUERTO DE LA MEMORIA: 5003
[INFO] 03:54:32:519 KERNEL/(14906:14906): - CONEXION EXITOSA
[TRACE] 03:54:32:532 KERNEL/(14906:14906): - Conectado a Memoria a través del socket 4
[INFO] 03:54:32:638 KERNEL/(14906:14906): - SE HAN ENVIADO 14 BYTES CON EXITO
[INFO] 03:54:32:679 KERNEL/(14906:14906): Recibimos el tamaño máximo de registro correctamente
[INFO] 03:54:32:723 KERNEL/(14906:14906): - SE HAN ENVIADO 14 BYTES CON EXITO
[INFO] 03:54:32:859 KERNEL/(14906:14906): Puerto de la memoria: 5003
[INFO] 03:54:32:862 KERNEL/(14906:14906): Ip de la memoria: 172.17.0.1
[INFO] 03:54:32:865 KERNEL/(14906:14906): ID de la memoria: 1
[INFO] 03:54:32:977 KERNEL/(14906:14910): - SE HAN ENVIADO 24 BYTES CON EXITO
[INFO] 03:54:33:67 KERNEL/(14906:14915): - CONEXION EXITOSA
[TRACE] 03:54:33:102 KERNEL/(14906:14915): - Conectado a Memoria a través del socket 5
[INFO] 03:54:33:134 KERNEL/(14906:14915): - SE HAN ENVIADO 14 BYTES CON EXITO
[INFO] 03:54:47:117 KERNEL/(14925:14925): - LOG INICIADO
[INFO] 03:54:48:303 KERNEL/(14925:14925): IP DE LA MEMORIA: 172.17.0.1
[INFO] 03:54:48:313 KERNEL/(14925:14925): PUERTO DE LA MEMORIA: 5003
[INFO] 03:54:48:334 KERNEL/(14925:14925): - CONEXION EXITOSA
[TRACE] 03:54:48:349 KERNEL/(14925:14925): - Conectado a Memoria a través del socket 4
[INFO] 03:54:48:430 KERNEL/(14925:14925): - SE HAN ENVIADO 14 BYTES CON EXITO
[INFO] 03:54:48:480 KERNEL/(14925:14925): Recibimos el tamaño máximo de registro correctamente
[INFO] 03:54:48:500 KERNEL/(14925:14925): - SE HAN ENVIADO 14 BYTES CON EXITO
[INFO] 03:54:48:600 KERNEL/(14925:14925): Puerto de la memoria: 5003
[INFO] 03:54:48:605 KERNEL/(14925:14925): Ip de la memoria: 172.17.0.1
[INFO] 03:54:48:624 KERNEL/(14925:14925): ID de la memoria: 1
[INFO] 03:54:48:777 KERNEL/(14925:14928): - SE HAN ENVIADO 24 BYTES CON EXITO
[INFO] 03:54:48:892 KERNEL/(14925:14933): - CONEXION EXITOSA
[TRACE] 03:54:48:911 KERNEL/(14925:14933): - Conectado a Memoria a través del socket 5
[INFO] 03:54:48:912 KERNEL/(14925:14933): - SE HAN ENVIADO 14 BYTES CON EXITO
[INFO] 03:55:12:99 KERNEL/(14937:14937): - LOG INICIADO
[INFO] 03:55:13:289 KERNEL/(14937:14937): IP DE LA MEMORIA: 172.17.0.1
[INFO] 03:55:13:301 KERNEL/(14937:14937): PUERTO DE LA MEMORIA: 5003
[INFO] 03:55:13:329 KERNEL/(14937:14937): - CONEXION EXITOSA
[TRACE] 03:55:13:339 KERNEL/(14937:14937): - Conectado a Memoria a través del socket 4
[INFO] 03:55:13:432 KERNEL/(14937:14937): - SE HAN ENVIADO 14 BYTES CON EXITO
[INFO] 03:55:13:488 KERNEL/(14937:14937): Recibimos el tamaño máximo de registro correctamente
[INFO] 03:55:13:501 KERNEL/(14937:14937): - SE HAN ENVIADO 14 BYTES CON EXITO
[INFO] 03:55:13:585 KERNEL/(14937:14937): Puerto de la memoria: 5003
[INFO] 03:55:13:600 KERNEL/(14937:14937): Ip de la memoria: 172.17.0.1
[INFO] 03:55:13:604 KERNEL/(14937:14937): ID de la memoria: 1
[INFO] 03:55:13:721 KERNEL/(14937:14941): - SE HAN ENVIADO 24 BYTES CON EXITO
[INFO] 03:55:13:950 KERNEL/(14937:14946): - CONEXION EXITOSA
[INFO] 03:55:13:992 KERNEL/(14937:14941): Tabla: AVES
[TRACE] 03:55:13:994 KERNEL/(14937:14946): - Conectado a Memoria a través del socket 5
[INFO] 03:55:14:65 KERNEL/(14937:14946): - SE HAN ENVIADO 14 BYTES CON EXITO
[INFO] 03:55:14:82 KERNEL/(14937:14941): CONSISTENCIA: SC
[INFO] 03:55:14:86 KERNEL/(14937:14946): Puerto de la memoria: 5003
[INFO] 03:55:14:89 KERNEL/(14937:14946): Ip de la memoria: 172.17.0.1
[INFO] 03:55:14:91 KERNEL/(14937:14946): ID de la memoria: 1
[INFO] 03:55:14:109 KERNEL/(14937:14941): PARTICIONES: 5
[INFO] 03:55:14:184 KERNEL/(14937:14941): TIEMPO DE COMPACTACIÓN: 50000
[INFO] 03:55:14:187 KERNEL/(14937:14941): Tabla: MAMIFEROS
[INFO] 03:55:14:190 KERNEL/(14937:14941): CONSISTENCIA: SC
[INFO] 03:55:14:192 KERNEL/(14937:14941): PARTICIONES: 3
[INFO] 03:55:14:195 KERNEL/(14937:14941): TIEMPO DE COMPACTACIÓN: 60000
[INFO] 03:55:14:206 KERNEL/(14937:14941): Tabla: MARINOS
[INFO] 03:55:14:215 KERNEL/(14937:14941): CONSISTENCIA: SC
[INFO] 03:55:14:219 KERNEL/(14937:14941): PARTICIONES: 1
[INFO] 03:55:14:226 KERNEL/(14937:14941): TIEMPO DE COMPACTACIÓN: 10000
[INFO] 03:55:34:99 KERNEL/(14937:14946): - CONEXION EXITOSA
[TRACE] 03:55:34:106 KERNEL/(14937:14946): - Conectado a Memoria a través del socket 7
[INFO] 03:55:34:134 KERNEL/(14937:14946): - SE HAN ENVIADO 14 BYTES CON EXITO
[INFO] 03:55:34:138 KERNEL/(14937:14946): Puerto de la memoria: 5003
[INFO] 03:55:34:146 KERNEL/(14937:14946): Ip de la memoria: 172.17.0.1
[INFO] 03:55:34:149 KERNEL/(14937:14946): ID de la memoria: 1
[INFO] 04:00:54:968 KERNEL/(15263:15263): - LOG INICIADO
[INFO] 04:00:55:138 KERNEL/(15263:15263): IP DE LA MEMORIA: 172.17.0.1
[INFO] 04:00:55:147 KERNEL/(15263:15263): PUERTO DE LA MEMORIA: 5003
[INFO] 04:00:55:171 KERNEL/(15263:15263): - CONEXION EXITOSA
[TRACE] 04:00:55:190 KERNEL/(15263:15263): - Conectado a Memoria a través del socket 4
[INFO] 04:00:55:286 KERNEL/(15263:15263): - SE HAN ENVIADO 14 BYTES CON EXITO
[INFO] 04:00:55:377 KERNEL/(15263:15263): Recibimos el tamaño máximo de registro correctamente
[INFO] 04:00:55:403 KERNEL/(15263:15263): - SE HAN ENVIADO 14 BYTES CON EXITO
[INFO] 04:00:55:538 KERNEL/(15263:15263): Puerto de la memoria: 5003
[INFO] 04:00:55:543 KERNEL/(15263:15263): Ip de la memoria: 172.17.0.1
[INFO] 04:00:55:558 KERNEL/(15263:15263): ID de la memoria: 1
[INFO] 04:00:55:685 KERNEL/(15263:15266): - SE HAN ENVIADO 24 BYTES CON EXITO
[INFO] 04:00:55:785 KERNEL/(15263:15271): - CONEXION EXITOSA
[TRACE] 04:00:55:841 KERNEL/(15263:15271): - Conectado a Memoria a través del socket 5
[INFO] 04:00:55:921 KERNEL/(15263:15271): - SE HAN ENVIADO 14 BYTES CON EXITO
[INFO] 04:01:02:951 KERNEL/(15275:15275): - LOG INICIADO
[INFO] 04:01:03:166 KERNEL/(15275:15275): IP DE LA MEMORIA: 172.17.0.1
[INFO] 04:01:03:180 KERNEL/(15275:15275): PUERTO DE LA MEMORIA: 5003
[INFO] 04:01:03:211 KERNEL/(15275:15275): - CONEXION EXITOSA
[TRACE] 04:01:03:237 KERNEL/(15275:15275): - Conectado a Memoria a través del socket 4
[INFO] 04:01:03:336 KERNEL/(15275:15275): - SE HAN ENVIADO 14 BYTES CON EXITO
[INFO] 04:01:03:451 KERNEL/(15275:15275): Recibimos el tamaño máximo de registro correctamente
[INFO] 04:01:03:475 KERNEL/(15275:15275): - SE HAN ENVIADO 14 BYTES CON EXITO
[INFO] 04:01:03:632 KERNEL/(15275:15275): Puerto de la memoria: 5003
[INFO] 04:01:03:654 KERNEL/(15275:15275): Ip de la memoria: 172.17.0.1
[INFO] 04:01:03:668 KERNEL/(15275:15275): ID de la memoria: 1
[INFO] 04:01:03:810 KERNEL/(15275:15280): - SE HAN ENVIADO 24 BYTES CON EXITO
[INFO] 04:01:04:343 KERNEL/(15275:15280): Tabla: AVES
[INFO] 04:01:04:479 KERNEL/(15275:15280): CONSISTENCIA: SC
[INFO] 04:01:04:515 KERNEL/(15275:15280): PARTICIONES: 5
[INFO] 04:01:04:568 KERNEL/(15275:15280): TIEMPO DE COMPACTACIÓN: 50000
[INFO] 04:01:04:578 KERNEL/(15275:15280): Tabla: MAMIFEROS
[INFO] 04:01:04:617 KERNEL/(15275:15280): CONSISTENCIA: SC
[INFO] 04:01:04:619 KERNEL/(15275:15280): PARTICIONES: 3
[INFO] 04:01:04:621 KERNEL/(15275:15280): TIEMPO DE COMPACTACIÓN: 60000
[INFO] 04:01:04:625 KERNEL/(15275:15280): Tabla: MARINOS
[INFO] 04:01:04:693 KERNEL/(15275:15280): CONSISTENCIA: SC
[INFO] 04:01:04:780 KERNEL/(15275:15280): PARTICIONES: 1
[INFO] 04:01:04:783 KERNEL/(15275:15280): TIEMPO DE COMPACTACIÓN: 10000
[INFO] 04:02:07:920 KERNEL/(15379:15379): - LOG INICIADO
[INFO] 04:02:08:114 KERNEL/(15379:15379): IP DE LA MEMORIA: 172.17.0.1
[INFO] 04:02:08:123 KERNEL/(15379:15379): PUERTO DE LA MEMORIA: 5003
[INFO] 04:02:08:143 KERNEL/(15379:15379): - CONEXION EXITOSA
[TRACE] 04:02:08:156 KERNEL/(15379:15379): - Conectado a Memoria a través del socket 4
[INFO] 04:02:08:205 KERNEL/(15379:15379): - SE HAN ENVIADO 14 BYTES CON EXITO
[INFO] 04:02:08:242 KERNEL/(15379:15379): Recibimos el tamaño máximo de registro correctamente
[INFO] 04:02:08:265 KERNEL/(15379:15379): - SE HAN ENVIADO 14 BYTES CON EXITO
[INFO] 04:02:08:358 KERNEL/(15379:15379): Puerto de la memoria: 5003
[INFO] 04:02:08:362 KERNEL/(15379:15379): Ip de la memoria: 172.17.0.1
[INFO] 04:02:08:366 KERNEL/(15379:15379): ID de la memoria: 1
[INFO] 04:02:08:492 KERNEL/(15379:15382): - SE HAN ENVIADO 24 BYTES CON EXITO
[INFO] 04:02:08:769 KERNEL/(15379:15382): Tabla: AVES
[INFO] 04:02:08:843 KERNEL/(15379:15382): CONSISTENCIA: SC
[INFO] 04:02:08:879 KERNEL/(15379:15382): PARTICIONES: 5
[INFO] 04:02:08:923 KERNEL/(15379:15382): TIEMPO DE COMPACTACIÓN: 50000
[INFO] 04:02:08:927 KERNEL/(15379:15382): Tabla: MAMIFEROS
[INFO] 04:02:08:966 KERNEL/(15379:15382): CONSISTENCIA: SC
[INFO] 04:02:08:969 KERNEL/(15379:15382): PARTICIONES: 3
[INFO] 04:02:08:971 KERNEL/(15379:15382): TIEMPO DE COMPACTACIÓN: 60000
[INFO] 04:02:08:978 KERNEL/(15379:15382): Tabla: MARINOS
[INFO] 04:02:09:9 KERNEL/(15379:15382): CONSISTENCIA: SC
[INFO] 04:02:09:12 KERNEL/(15379:15382): PARTICIONES: 1
[INFO] 04:02:09:17 KERNEL/(15379:15382): TIEMPO DE COMPACTACIÓN: 10000
[INFO] 04:03:33:689 KERNEL/(15485:15485): - LOG INICIADO
[INFO] 04:03:33:916 KERNEL/(15485:15485): IP DE LA MEMORIA: 172.17.0.1
[INFO] 04:03:33:928 KERNEL/(15485:15485): PUERTO DE LA MEMORIA: 5003
[INFO] 04:03:33:963 KERNEL/(15485:15485): - CONEXION EXITOSA
[TRACE] 04:03:33:980 KERNEL/(15485:15485): - Conectado a Memoria a través del socket 4
[INFO] 04:03:34:62 KERNEL/(15485:15485): - SE HAN ENVIADO 14 BYTES CON EXITO
[INFO] 04:03:34:129 KERNEL/(15485:15485): Recibimos el tamaño máximo de registro correctamente
[INFO] 04:03:34:172 KERNEL/(15485:15485): - SE HAN ENVIADO 14 BYTES CON EXITO
[INFO] 04:03:34:288 KERNEL/(15485:15485): Puerto de la memoria: 5003
[INFO] 04:03:34:294 KERNEL/(15485:15485): Ip de la memoria: 172.17.0.1
[INFO] 04:03:34:312 KERNEL/(15485:15485): ID de la memoria: 1
[INFO] 04:03:34:444 KERNEL/(15485:15489): - SE HAN ENVIADO 24 BYTES CON EXITO
[INFO] 04:03:34:606 KERNEL/(15485:15494): - CONEXION EXITOSA
[TRACE] 04:03:34:631 KERNEL/(15485:15494): - Conectado a Memoria a través del socket 5
[INFO] 04:03:34:668 KERNEL/(15485:15494): - SE HAN ENVIADO 14 BYTES CON EXITO
[INFO] 04:03:43:274 KERNEL/(15498:15498): - LOG INICIADO
[INFO] 04:03:43:543 KERNEL/(15498:15498): IP DE LA MEMORIA: 172.17.0.1
[INFO] 04:03:43:556 KERNEL/(15498:15498): PUERTO DE LA MEMORIA: 5003
[INFO] 04:03:43:588 KERNEL/(15498:15498): - CONEXION EXITOSA
[TRACE] 04:03:43:600 KERNEL/(15498:15498): - Conectado a Memoria a través del socket 4
[INFO] 04:03:43:675 KERNEL/(15498:15498): - SE HAN ENVIADO 14 BYTES CON EXITO
[INFO] 04:03:43:757 KERNEL/(15498:15498): Recibimos el tamaño máximo de registro correctamente
[INFO] 04:03:43:832 KERNEL/(15498:15498): - SE HAN ENVIADO 14 BYTES CON EXITO
[INFO] 04:03:43:905 KERNEL/(15498:15498): Puerto de la memoria: 5003
[INFO] 04:03:43:913 KERNEL/(15498:15498): Ip de la memoria: 172.17.0.1
[INFO] 04:03:43:918 KERNEL/(15498:15498): ID de la memoria: 1
[INFO] 04:03:44:10 KERNEL/(15498:15503): - SE HAN ENVIADO 24 BYTES CON EXITO
[INFO] 04:03:44:223 KERNEL/(15498:15508): - CONEXION EXITOSA
[TRACE] 04:03:44:233 KERNEL/(15498:15508): - Conectado a Memoria a través del socket 5
[INFO] 04:03:44:238 KERNEL/(15498:15508): - SE HAN ENVIADO 14 BYTES CON EXITO
[INFO] 04:04:09:786 KERNEL/(15513:15513): - LOG INICIADO
[INFO] 04:04:10:21 KERNEL/(15513:15513): IP DE LA MEMORIA: 172.17.0.1
[INFO] 04:04:10:36 KERNEL/(15513:15513): PUERTO DE LA MEMORIA: 5003
[INFO] 04:04:10:65 KERNEL/(15513:15513): - CONEXION EXITOSA
[TRACE] 04:04:10:78 KERNEL/(15513:15513): - Conectado a Memoria a través del socket 4
[INFO] 04:04:10:278 KERNEL/(15513:15513): - SE HAN ENVIADO 14 BYTES CON EXITO
[INFO] 04:04:10:405 KERNEL/(15513:15513): Recibimos el tamaño máximo de registro correctamente
[INFO] 04:04:10:415 KERNEL/(15513:15513): - SE HAN ENVIADO 14 BYTES CON EXITO
[INFO] 04:04:10:642 KERNEL/(15513:15513): Puerto de la memoria: 5003
[INFO] 04:04:10:650 KERNEL/(15513:15513): Ip de la memoria: 172.17.0.1
[INFO] 04:04:10:653 KERNEL/(15513:15513): ID de la memoria: 1
[INFO] 04:04:10:773 KERNEL/(15513:15518): - SE HAN ENVIADO 24 BYTES CON EXITO
[INFO] 04:04:11:20 KERNEL/(15513:15518): Tabla: AVES
[INFO] 04:04:11:81 KERNEL/(15513:15518): CONSISTENCIA: SC
[INFO] 04:04:11:124 KERNEL/(15513:15518): PARTICIONES: 5
[INFO] 04:04:11:157 KERNEL/(15513:15518): TIEMPO DE COMPACTACIÓN: 50000
[INFO] 04:04:11:159 KERNEL/(15513:15518): Tabla: MAMIFEROS
[INFO] 04:04:11:162 KERNEL/(15513:15518): CONSISTENCIA: SC
[INFO] 04:04:11:204 KERNEL/(15513:15518): PARTICIONES: 3
[INFO] 04:04:11:206 KERNEL/(15513:15518): TIEMPO DE COMPACTACIÓN: 60000
[INFO] 04:04:11:207 KERNEL/(15513:15518): Tabla: MARINOS
[INFO] 04:04:11:209 KERNEL/(15513:15518): CONSISTENCIA: SC
[INFO] 04:04:11:210 KERNEL/(15513:15518): PARTICIONES: 1
[INFO] 04:04:11:242 KERNEL/(15513:15518): TIEMPO DE COMPACTACIÓN: 10000
[INFO] 04:04:16:649 KERNEL/(15513:15513): No existe la tabla
