[INFO] 03:37:32:479 Memoria/(14203:14203): - LOG INICIADO
[INFO] 03:37:32:761 Memoria/(14203:14203): - CONFIGURACION IMPORTADA
[INFO] 03:37:32:849 Memoria/(14203:14203): · Puerto escucha = 5003
[INFO] 03:37:32:853 Memoria/(14203:14203): · IP FileSystem = 172.17.0.1
[INFO] 03:37:32:872 Memoria/(14203:14203): · Puerto FileSystem = 5004
[INFO] 03:37:32:878 Memoria/(14203:14203): · IP Seeds = "192.168.1.4"
[INFO] 03:37:32:879 Memoria/(14203:14203): · Puerto Seeds = 5005
[INFO] 03:37:32:884 Memoria/(14203:14203): · Retardo Memoria = 600
[INFO] 03:37:32:886 Memoria/(14203:14203): · Retardo FileSystem = 600
[INFO] 03:37:32:888 Memoria/(14203:14203): · Tamaño Memoria = 2048
[INFO] 03:37:32:898 Memoria/(14203:14203): · Retardo Journal = 60000
[INFO] 03:37:32:900 Memoria/(14203:14203): · Retardo Gossiping = 30000
[INFO] 03:37:32:904 Memoria/(14203:14203): · id Memoria = 1
[INFO] 03:37:32:918 Memoria/(14203:14203): - PROCESO CONFIGURADO CON EXITO!
[INFO] 03:37:33:12 Memoria/(14203:14203): - CONEXION EXITOSA
[TRACE] 03:37:33:32 Memoria/(14203:14203): - Conectado a FileSystem a través del socket 4
[INFO] 03:37:33:67 Memoria/(14203:14203): - SE HAN ENVIADO 14 BYTES CON EXITO
[INFO] 03:37:33:188 Memoria/(14203:14203): Recibimos el tamaño máximo de registro correctamente
[INFO] 03:37:33:326 Memoria/(14203:14207): - ESTOY EN consola JUJU
[INFO] 03:37:33:328 Memoria/(14203:14208): - EJECUTANDO JOURNAL....
[INFO] 03:37:33:332 Memoria/(14203:14203): IP DE LA MEMORIA: 172.17.0.1
[INFO] 03:37:33:372 Memoria/(14203:14208): - CONFIGURACION IMPORTADA
[INFO] 03:37:33:380 Memoria/(14203:14208): · Puerto escucha = 5003
[INFO] 03:37:33:382 Memoria/(14203:14208): · IP FileSystem = 172.17.0.1
[INFO] 03:37:33:386 Memoria/(14203:14208): · Puerto FileSystem = 5004
[INFO] 03:37:33:393 Memoria/(14203:14208): · IP Seeds = "192.168.1.4"
[INFO] 03:37:33:395 Memoria/(14203:14208): · Puerto Seeds = 5005
[INFO] 03:37:33:400 Memoria/(14203:14208): · Retardo Memoria = 600
[INFO] 03:37:33:413 Memoria/(14203:14208): · Retardo FileSystem = 600
[INFO] 03:37:33:414 Memoria/(14203:14208): · Tamaño Memoria = 2048
[INFO] 03:37:33:419 Memoria/(14203:14208): · Retardo Journal = 60000
[INFO] 03:37:33:420 Memoria/(14203:14208): · Retardo Gossiping = 30000
[INFO] 03:37:33:422 Memoria/(14203:14208): · id Memoria = 1
[INFO] 03:37:44:375 Memoria/(14203:14216): Devolvemos a kernel el tamaño max value: 65
[INFO] 03:37:44:392 Memoria/(14203:14216): - SE HAN ENVIADO 14 BYTES CON EXITO
[INFO] 03:37:44:584 Memoria/(14203:14216): - SE HAN ENVIADO 34 BYTES CON EXITO
[INFO] 03:37:44:614 Memoria/(14203:14216): Se envió el pool de memorias a Kernel
[INFO] 03:37:44:821 Memoria/(14203:14216): COMANDO A EJECUTAR: DESCRIBE
[INFO] 03:37:44:882 Memoria/(14203:14216): - SE HAN ENVIADO 24 BYTES CON EXITO
[INFO] 03:37:45:211 Memoria/(14203:14216): Tabla: AVES
[INFO] 03:37:45:222 Memoria/(14203:14216): CONSISTENCIA: SC
[INFO] 03:37:45:225 Memoria/(14203:14216): PARTICIONES: 5
[INFO] 03:37:45:228 Memoria/(14203:14216): TIEMPO DE COMPACTACIÓN: 50000
[INFO] 03:37:45:234 Memoria/(14203:14216): Tabla: MAMIFEROS
[INFO] 03:37:45:237 Memoria/(14203:14216): CONSISTENCIA: SC
[INFO] 03:37:45:239 Memoria/(14203:14216): PARTICIONES: 3
[INFO] 03:37:45:246 Memoria/(14203:14216): TIEMPO DE COMPACTACIÓN: 60000
[INFO] 03:37:45:255 Memoria/(14203:14216): Tabla: MARINOS
[INFO] 03:37:45:258 Memoria/(14203:14216): CONSISTENCIA: SC
[INFO] 03:37:45:263 Memoria/(14203:14216): PARTICIONES: 1
[INFO] 03:37:45:270 Memoria/(14203:14216): TIEMPO DE COMPACTACIÓN: 10000
[INFO] 03:37:45:277 Memoria/(14203:14216): Describe mandado con éxito al FS
[INFO] 03:37:45:333 Memoria/(14203:14216): - SE HAN ENVIADO 68 BYTES CON EXITO
[INFO] 03:37:45:342 Memoria/(14203:14216): Metadatas mandadas con éxito al Kernel
[INFO] 03:38:32:619 Memoria/(14203:14248): Devolvemos a kernel el tamaño max value: 65
[INFO] 03:38:32:622 Memoria/(14203:14248): - SE HAN ENVIADO 14 BYTES CON EXITO
[INFO] 03:38:32:731 Memoria/(14203:14248): - SE HAN ENVIADO 34 BYTES CON EXITO
[INFO] 03:38:32:734 Memoria/(14203:14248): Se envió el pool de memorias a Kernel
[INFO] 03:38:32:942 Memoria/(14203:14248): COMANDO A EJECUTAR: DESCRIBE
[INFO] 03:38:32:944 Memoria/(14203:14248): - SE HAN ENVIADO 24 BYTES CON EXITO
[INFO] 03:38:33:93 Memoria/(14203:14248): Tabla: AVES
[INFO] 03:38:33:109 Memoria/(14203:14248): CONSISTENCIA: SC
[INFO] 03:38:33:111 Memoria/(14203:14248): PARTICIONES: 5
[INFO] 03:38:33:112 Memoria/(14203:14248): TIEMPO DE COMPACTACIÓN: 50000
[INFO] 03:38:33:113 Memoria/(14203:14248): Tabla: MAMIFEROS
[INFO] 03:38:33:122 Memoria/(14203:14248): CONSISTENCIA: SC
[INFO] 03:38:33:123 Memoria/(14203:14248): PARTICIONES: 3
[INFO] 03:38:33:125 Memoria/(14203:14248): TIEMPO DE COMPACTACIÓN: 60000
[INFO] 03:38:33:126 Memoria/(14203:14248): Tabla: MARINOS
[INFO] 03:38:33:138 Memoria/(14203:14248): CONSISTENCIA: SC
[INFO] 03:38:33:146 Memoria/(14203:14248): PARTICIONES: 1
[INFO] 03:38:33:149 Memoria/(14203:14248): TIEMPO DE COMPACTACIÓN: 10000
[INFO] 03:38:33:152 Memoria/(14203:14248): Describe mandado con éxito al FS
[INFO] 03:38:33:159 Memoria/(14203:14248): - SE HAN ENVIADO 68 BYTES CON EXITO
[INFO] 03:38:33:166 Memoria/(14203:14248): Metadatas mandadas con éxito al Kernel
[INFO] 03:38:33:436 Memoria/(14203:14208): - EJECUTANDO JOURNAL....
[INFO] 03:38:33:440 Memoria/(14203:14208): - CONFIGURACION IMPORTADA
[INFO] 03:38:33:462 Memoria/(14203:14208): · Puerto escucha = 5003
[INFO] 03:38:33:479 Memoria/(14203:14208): · IP FileSystem = 172.17.0.1
[INFO] 03:38:33:482 Memoria/(14203:14208): · Puerto FileSystem = 5004
[INFO] 03:38:33:484 Memoria/(14203:14208): · IP Seeds = "192.168.1.4"
[INFO] 03:38:33:489 Memoria/(14203:14208): · Puerto Seeds = 5005
[INFO] 03:38:33:491 Memoria/(14203:14208): · Retardo Memoria = 600
[INFO] 03:38:33:493 Memoria/(14203:14208): · Retardo FileSystem = 600
[INFO] 03:38:33:494 Memoria/(14203:14208): · Tamaño Memoria = 2048
[INFO] 03:38:33:502 Memoria/(14203:14208): · Retardo Journal = 60000
[INFO] 03:38:33:503 Memoria/(14203:14208): · Retardo Gossiping = 30000
[INFO] 03:38:33:515 Memoria/(14203:14208): · id Memoria = 1
[INFO] 03:38:48:184 Memoria/(14203:14261): Devolvemos a kernel el tamaño max value: 65
[INFO] 03:38:48:201 Memoria/(14203:14261): - SE HAN ENVIADO 14 BYTES CON EXITO
[INFO] 03:38:48:361 Memoria/(14203:14261): - SE HAN ENVIADO 34 BYTES CON EXITO
[INFO] 03:38:48:363 Memoria/(14203:14261): Se envió el pool de memorias a Kernel
[INFO] 03:38:48:654 Memoria/(14203:14261): COMANDO A EJECUTAR: DESCRIBE
[INFO] 03:38:48:659 Memoria/(14203:14261): - SE HAN ENVIADO 24 BYTES CON EXITO
[INFO] 03:38:48:971 Memoria/(14203:14261): Tabla: AVES
[INFO] 03:38:48:972 Memoria/(14203:14261): CONSISTENCIA: SC
[INFO] 03:38:48:987 Memoria/(14203:14261): PARTICIONES: 5
[INFO] 03:38:49:22 Memoria/(14203:14261): TIEMPO DE COMPACTACIÓN: 50000
[INFO] 03:38:49:36 Memoria/(14203:14261): Tabla: MAMIFEROS
[INFO] 03:38:49:39 Memoria/(14203:14261): CONSISTENCIA: SC
[INFO] 03:38:49:61 Memoria/(14203:14261): PARTICIONES: 3
[INFO] 03:38:49:66 Memoria/(14203:14261): TIEMPO DE COMPACTACIÓN: 60000
[INFO] 03:38:49:104 Memoria/(14203:14261): Tabla: MARINOS
[INFO] 03:38:49:117 Memoria/(14203:14261): CONSISTENCIA: SC
[INFO] 03:38:49:130 Memoria/(14203:14261): PARTICIONES: 1
[INFO] 03:38:49:142 Memoria/(14203:14261): TIEMPO DE COMPACTACIÓN: 10000
[INFO] 03:38:49:146 Memoria/(14203:14261): Describe mandado con éxito al FS
[INFO] 03:38:49:171 Memoria/(14203:14261): - SE HAN ENVIADO 68 BYTES CON EXITO
[INFO] 03:38:49:187 Memoria/(14203:14261): Metadatas mandadas con éxito al Kernel
[INFO] 03:39:33:519 Memoria/(14203:14208): - EJECUTANDO JOURNAL....
[INFO] 03:39:33:522 Memoria/(14203:14208): - CONFIGURACION IMPORTADA
[INFO] 03:39:33:526 Memoria/(14203:14208): · Puerto escucha = 5003
[INFO] 03:39:33:528 Memoria/(14203:14208): · IP FileSystem = 172.17.0.1
[INFO] 03:39:33:537 Memoria/(14203:14208): · Puerto FileSystem = 5004
[INFO] 03:39:33:539 Memoria/(14203:14208): · IP Seeds = "192.168.1.4"
[INFO] 03:39:33:542 Memoria/(14203:14208): · Puerto Seeds = 5005
[INFO] 03:39:33:543 Memoria/(14203:14208): · Retardo Memoria = 600
[INFO] 03:39:33:545 Memoria/(14203:14208): · Retardo FileSystem = 600
[INFO] 03:39:33:549 Memoria/(14203:14208): · Tamaño Memoria = 2048
[INFO] 03:39:33:550 Memoria/(14203:14208): · Retardo Journal = 60000
[INFO] 03:39:33:552 Memoria/(14203:14208): · Retardo Gossiping = 30000
[INFO] 03:39:33:554 Memoria/(14203:14208): · id Memoria = 1
[INFO] 03:40:33:556 Memoria/(14203:14208): - EJECUTANDO JOURNAL....
[INFO] 03:40:33:561 Memoria/(14203:14208): - CONFIGURACION IMPORTADA
[INFO] 03:40:33:566 Memoria/(14203:14208): · Puerto escucha = 5003
[INFO] 03:40:33:581 Memoria/(14203:14208): · IP FileSystem = 172.17.0.1
[INFO] 03:40:33:590 Memoria/(14203:14208): · Puerto FileSystem = 5004
[INFO] 03:40:33:591 Memoria/(14203:14208): · IP Seeds = "192.168.1.4"
[INFO] 03:40:33:593 Memoria/(14203:14208): · Puerto Seeds = 5005
[INFO] 03:40:33:595 Memoria/(14203:14208): · Retardo Memoria = 600
[INFO] 03:40:33:596 Memoria/(14203:14208): · Retardo FileSystem = 600
[INFO] 03:40:33:598 Memoria/(14203:14208): · Tamaño Memoria = 2048
[INFO] 03:40:33:599 Memoria/(14203:14208): · Retardo Journal = 60000
[INFO] 03:40:33:604 Memoria/(14203:14208): · Retardo Gossiping = 30000
[INFO] 03:40:33:605 Memoria/(14203:14208): · id Memoria = 1
[INFO] 03:41:33:607 Memoria/(14203:14208): - EJECUTANDO JOURNAL....
[INFO] 03:41:33:626 Memoria/(14203:14208): - CONFIGURACION IMPORTADA
[INFO] 03:41:33:648 Memoria/(14203:14208): · Puerto escucha = 5003
[INFO] 03:41:33:722 Memoria/(14203:14208): · IP FileSystem = 172.17.0.1
[INFO] 03:41:33:727 Memoria/(14203:14208): · Puerto FileSystem = 5004
[INFO] 03:41:33:730 Memoria/(14203:14208): · IP Seeds = "192.168.1.4"
[INFO] 03:41:33:745 Memoria/(14203:14208): · Puerto Seeds = 5005
[INFO] 03:41:33:755 Memoria/(14203:14208): · Retardo Memoria = 600
[INFO] 03:41:33:757 Memoria/(14203:14208): · Retardo FileSystem = 600
[INFO] 03:41:33:768 Memoria/(14203:14208): · Tamaño Memoria = 2048
[INFO] 03:41:33:778 Memoria/(14203:14208): · Retardo Journal = 60000
[INFO] 03:41:33:780 Memoria/(14203:14208): · Retardo Gossiping = 30000
[INFO] 03:41:33:792 Memoria/(14203:14208): · id Memoria = 1
[INFO] 03:43:09:338 Memoria/(14464:14464): - LOG INICIADO
[INFO] 03:43:09:548 Memoria/(14464:14464): - CONFIGURACION IMPORTADA
[INFO] 03:43:09:593 Memoria/(14464:14464): · Puerto escucha = 5003
[INFO] 03:43:09:596 Memoria/(14464:14464): · IP FileSystem = 172.17.0.1
[INFO] 03:43:09:598 Memoria/(14464:14464): · Puerto FileSystem = 5004
[INFO] 03:43:09:600 Memoria/(14464:14464): · IP Seeds = "192.168.1.4"
[INFO] 03:43:09:605 Memoria/(14464:14464): · Puerto Seeds = 5005
[INFO] 03:43:09:608 Memoria/(14464:14464): · Retardo Memoria = 600
[INFO] 03:43:09:610 Memoria/(14464:14464): · Retardo FileSystem = 600
[INFO] 03:43:09:612 Memoria/(14464:14464): · Tamaño Memoria = 2048
[INFO] 03:43:09:615 Memoria/(14464:14464): · Retardo Journal = 60000
[INFO] 03:43:09:620 Memoria/(14464:14464): · Retardo Gossiping = 30000
[INFO] 03:43:09:621 Memoria/(14464:14464): · id Memoria = 1
[INFO] 03:43:09:623 Memoria/(14464:14464): - PROCESO CONFIGURADO CON EXITO!
[INFO] 03:43:09:648 Memoria/(14464:14464): - CONEXION EXITOSA
[TRACE] 03:43:09:660 Memoria/(14464:14464): - Conectado a FileSystem a través del socket 4
[INFO] 03:43:09:701 Memoria/(14464:14464): - SE HAN ENVIADO 14 BYTES CON EXITO
[INFO] 03:43:09:778 Memoria/(14464:14464): Recibimos el tamaño máximo de registro correctamente
[INFO] 03:43:09:890 Memoria/(14464:14468): - ESTOY EN consola JUJU
[INFO] 03:43:09:901 Memoria/(14464:14469): - EJECUTANDO JOURNAL....
[INFO] 03:43:09:905 Memoria/(14464:14464): IP DE LA MEMORIA: 172.17.0.1
[INFO] 03:43:10:4 Memoria/(14464:14469): - CONFIGURACION IMPORTADA
[INFO] 03:43:10:13 Memoria/(14464:14469): · Puerto escucha = 5003
[INFO] 03:43:10:30 Memoria/(14464:14469): · IP FileSystem = 172.17.0.1
[INFO] 03:43:10:31 Memoria/(14464:14469): · Puerto FileSystem = 5004
[INFO] 03:43:10:31 Memoria/(14464:14469): · IP Seeds = "192.168.1.4"
[INFO] 03:43:10:35 Memoria/(14464:14469): · Puerto Seeds = 5005
[INFO] 03:43:10:38 Memoria/(14464:14469): · Retardo Memoria = 600
[INFO] 03:43:10:41 Memoria/(14464:14469): · Retardo FileSystem = 600
[INFO] 03:43:10:44 Memoria/(14464:14469): · Tamaño Memoria = 2048
[INFO] 03:43:10:53 Memoria/(14464:14469): · Retardo Journal = 60000
[INFO] 03:43:10:71 Memoria/(14464:14469): · Retardo Gossiping = 30000
[INFO] 03:43:10:74 Memoria/(14464:14469): · id Memoria = 1
[INFO] 03:43:18:236 Memoria/(14464:14475): Devolvemos a kernel el tamaño max value: 65
[INFO] 03:43:18:311 Memoria/(14464:14475): - SE HAN ENVIADO 14 BYTES CON EXITO
[INFO] 03:43:18:613 Memoria/(14464:14475): - SE HAN ENVIADO 34 BYTES CON EXITO
[INFO] 03:43:18:655 Memoria/(14464:14475): Se envió el pool de memorias a Kernel
[INFO] 03:43:18:925 Memoria/(14464:14475): COMANDO A EJECUTAR: DESCRIBE
[INFO] 03:43:19:31 Memoria/(14464:14475): - SE HAN ENVIADO 24 BYTES CON EXITO
[INFO] 03:43:19:420 Memoria/(14464:14475): Tabla: AVES
[INFO] 03:43:19:435 Memoria/(14464:14475): CONSISTENCIA: SC
[INFO] 03:43:19:443 Memoria/(14464:14475): PARTICIONES: 5
[INFO] 03:43:19:447 Memoria/(14464:14475): TIEMPO DE COMPACTACIÓN: 50000
[INFO] 03:43:19:458 Memoria/(14464:14475): Tabla: MAMIFEROS
[INFO] 03:43:19:484 Memoria/(14464:14475): CONSISTENCIA: SC
[INFO] 03:43:19:486 Memoria/(14464:14475): PARTICIONES: 3
[INFO] 03:43:19:495 Memoria/(14464:14475): TIEMPO DE COMPACTACIÓN: 60000
[INFO] 03:43:19:498 Memoria/(14464:14475): Tabla: MARINOS
[INFO] 03:43:19:500 Memoria/(14464:14475): CONSISTENCIA: SC
[INFO] 03:43:19:513 Memoria/(14464:14475): PARTICIONES: 1
[INFO] 03:43:19:527 Memoria/(14464:14475): TIEMPO DE COMPACTACIÓN: 10000
[INFO] 03:43:19:531 Memoria/(14464:14475): Describe mandado con éxito al FS
[INFO] 03:43:19:581 Memoria/(14464:14475): - SE HAN ENVIADO 68 BYTES CON EXITO
[INFO] 03:43:19:608 Memoria/(14464:14475): Metadatas mandadas con éxito al Kernel
[INFO] 03:44:10:79 Memoria/(14464:14469): - EJECUTANDO JOURNAL....
[INFO] 03:44:10:83 Memoria/(14464:14469): - CONFIGURACION IMPORTADA
[INFO] 03:44:10:86 Memoria/(14464:14469): · Puerto escucha = 5003
[INFO] 03:44:10:100 Memoria/(14464:14469): · IP FileSystem = 172.17.0.1
[INFO] 03:44:10:102 Memoria/(14464:14469): · Puerto FileSystem = 5004
[INFO] 03:44:10:108 Memoria/(14464:14469): · IP Seeds = "192.168.1.4"
[INFO] 03:44:10:118 Memoria/(14464:14469): · Puerto Seeds = 5005
[INFO] 03:44:10:119 Memoria/(14464:14469): · Retardo Memoria = 600
[INFO] 03:44:10:124 Memoria/(14464:14469): · Retardo FileSystem = 600
[INFO] 03:44:10:128 Memoria/(14464:14469): · Tamaño Memoria = 2048
[INFO] 03:44:10:141 Memoria/(14464:14469): · Retardo Journal = 60000
[INFO] 03:44:10:143 Memoria/(14464:14469): · Retardo Gossiping = 30000
[INFO] 03:44:10:153 Memoria/(14464:14469): · id Memoria = 1
[INFO] 03:45:10:175 Memoria/(14464:14469): - EJECUTANDO JOURNAL....
[INFO] 03:45:10:187 Memoria/(14464:14469): - CONFIGURACION IMPORTADA
[INFO] 03:45:10:219 Memoria/(14464:14469): · Puerto escucha = 5003
[INFO] 03:45:10:257 Memoria/(14464:14469): · IP FileSystem = 172.17.0.1
[INFO] 03:45:10:284 Memoria/(14464:14469): · Puerto FileSystem = 5004
[INFO] 03:45:10:306 Memoria/(14464:14469): · IP Seeds = "192.168.1.4"
[INFO] 03:45:10:322 Memoria/(14464:14469): · Puerto Seeds = 5005
[INFO] 03:45:10:341 Memoria/(14464:14469): · Retardo Memoria = 600
[INFO] 03:45:10:348 Memoria/(14464:14469): · Retardo FileSystem = 600
[INFO] 03:45:10:351 Memoria/(14464:14469): · Tamaño Memoria = 2048
[INFO] 03:45:10:355 Memoria/(14464:14469): · Retardo Journal = 60000
[INFO] 03:45:10:384 Memoria/(14464:14469): · Retardo Gossiping = 30000
[INFO] 03:45:10:390 Memoria/(14464:14469): · id Memoria = 1
[INFO] 03:47:19:181 Memoria/(14633:14633): - LOG INICIADO
[INFO] 03:47:19:335 Memoria/(14633:14633): - CONFIGURACION IMPORTADA
[INFO] 03:47:19:388 Memoria/(14633:14633): · Puerto escucha = 5003
[INFO] 03:47:19:394 Memoria/(14633:14633): · IP FileSystem = 172.17.0.1
[INFO] 03:47:19:397 Memoria/(14633:14633): · Puerto FileSystem = 5004
[INFO] 03:47:19:400 Memoria/(14633:14633): · IP Seeds = "192.168.1.4"
[INFO] 03:47:19:403 Memoria/(14633:14633): · Puerto Seeds = 5005
[INFO] 03:47:19:406 Memoria/(14633:14633): · Retardo Memoria = 600
[INFO] 03:47:19:409 Memoria/(14633:14633): · Retardo FileSystem = 600
[INFO] 03:47:19:414 Memoria/(14633:14633): · Tamaño Memoria = 2048
[INFO] 03:47:19:416 Memoria/(14633:14633): · Retardo Journal = 60000
[INFO] 03:47:19:420 Memoria/(14633:14633): · Retardo Gossiping = 30000
[INFO] 03:47:19:423 Memoria/(14633:14633): · id Memoria = 1
[INFO] 03:47:19:430 Memoria/(14633:14633): - PROCESO CONFIGURADO CON EXITO!
[INFO] 03:47:19:476 Memoria/(14633:14633): - CONEXION EXITOSA
[TRACE] 03:47:19:495 Memoria/(14633:14633): - Conectado a FileSystem a través del socket 4
[INFO] 03:47:19:541 Memoria/(14633:14633): - SE HAN ENVIADO 14 BYTES CON EXITO
[INFO] 03:47:19:664 Memoria/(14633:14633): Recibimos el tamaño máximo de registro correctamente
[INFO] 03:47:19:776 Memoria/(14633:14636): - ESTOY EN consola JUJU
[INFO] 03:47:19:779 Memoria/(14633:14637): - EJECUTANDO JOURNAL....
[INFO] 03:47:19:784 Memoria/(14633:14633): IP DE LA MEMORIA: 172.17.0.1
[INFO] 03:47:19:840 Memoria/(14633:14637): - CONFIGURACION IMPORTADA
[INFO] 03:47:19:857 Memoria/(14633:14637): · Puerto escucha = 5003
[INFO] 03:47:19:870 Memoria/(14633:14637): · IP FileSystem = 172.17.0.1
[INFO] 03:47:19:878 Memoria/(14633:14637): · Puerto FileSystem = 5004
[INFO] 03:47:19:880 Memoria/(14633:14637): · IP Seeds = "192.168.1.4"
[INFO] 03:47:19:882 Memoria/(14633:14637): · Puerto Seeds = 5005
[INFO] 03:47:19:886 Memoria/(14633:14637): · Retardo Memoria = 600
[INFO] 03:47:19:887 Memoria/(14633:14637): · Retardo FileSystem = 600
[INFO] 03:47:19:888 Memoria/(14633:14637): · Tamaño Memoria = 2048
[INFO] 03:47:19:890 Memoria/(14633:14637): · Retardo Journal = 60000
[INFO] 03:47:19:899 Memoria/(14633:14637): · Retardo Gossiping = 30000
[INFO] 03:47:19:902 Memoria/(14633:14637): · id Memoria = 1
[INFO] 03:47:24:968 Memoria/(14633:14641): Devolvemos a kernel el tamaño max value: 65
[INFO] 03:47:24:974 Memoria/(14633:14641): - SE HAN ENVIADO 14 BYTES CON EXITO
[INFO] 03:47:25:197 Memoria/(14633:14641): - SE HAN ENVIADO 34 BYTES CON EXITO
[INFO] 03:47:25:205 Memoria/(14633:14641): Se envió el pool de memorias a Kernel
[INFO] 03:47:25:406 Memoria/(14633:14641): COMANDO A EJECUTAR: DESCRIBE
[INFO] 03:47:25:512 Memoria/(14633:14641): - SE HAN ENVIADO 24 BYTES CON EXITO
[INFO] 03:47:25:734 Memoria/(14633:14641): Tabla: AVES
[INFO] 03:47:25:736 Memoria/(14633:14641): CONSISTENCIA: SC
[INFO] 03:47:25:741 Memoria/(14633:14641): PARTICIONES: 5
[INFO] 03:47:25:747 Memoria/(14633:14641): TIEMPO DE COMPACTACIÓN: 50000
[INFO] 03:47:25:754 Memoria/(14633:14641): Tabla: MAMIFEROS
[INFO] 03:47:25:767 Memoria/(14633:14641): CONSISTENCIA: SC
[INFO] 03:47:25:771 Memoria/(14633:14641): PARTICIONES: 3
[INFO] 03:47:25:774 Memoria/(14633:14641): TIEMPO DE COMPACTACIÓN: 60000
[INFO] 03:47:25:776 Memoria/(14633:14641): Tabla: MARINOS
[INFO] 03:47:25:781 Memoria/(14633:14641): CONSISTENCIA: SC
[INFO] 03:47:25:786 Memoria/(14633:14641): PARTICIONES: 1
[INFO] 03:47:25:806 Memoria/(14633:14641): TIEMPO DE COMPACTACIÓN: 10000
[INFO] 03:47:25:812 Memoria/(14633:14641): Describe mandado con éxito al FS
[INFO] 03:47:25:845 Memoria/(14633:14641): - SE HAN ENVIADO 68 BYTES CON EXITO
[INFO] 03:47:25:875 Memoria/(14633:14641): Metadatas mandadas con éxito al Kernel
[INFO] 03:47:25:884 Memoria/(14633:14641): - SE HAN ENVIADO 34 BYTES CON EXITO
[INFO] 03:47:25:888 Memoria/(14633:14641): Se envió el pool de memorias a Kernel
[INFO] 03:48:08:909 Memoria/(14633:14665): Devolvemos a kernel el tamaño max value: 65
[INFO] 03:48:08:923 Memoria/(14633:14665): - SE HAN ENVIADO 14 BYTES CON EXITO
[INFO] 03:48:09:88 Memoria/(14633:14665): - SE HAN ENVIADO 34 BYTES CON EXITO
[INFO] 03:48:09:103 Memoria/(14633:14665): Se envió el pool de memorias a Kernel
[INFO] 03:48:09:374 Memoria/(14633:14665): COMANDO A EJECUTAR: DESCRIBE
[INFO] 03:48:09:381 Memoria/(14633:14665): - SE HAN ENVIADO 24 BYTES CON EXITO
[INFO] 03:48:09:630 Memoria/(14633:14665): Tabla: AVES
[INFO] 03:48:09:634 Memoria/(14633:14665): CONSISTENCIA: SC
[INFO] 03:48:09:648 Memoria/(14633:14665): PARTICIONES: 5
[INFO] 03:48:09:652 Memoria/(14633:14665): TIEMPO DE COMPACTACIÓN: 50000
[INFO] 03:48:09:658 Memoria/(14633:14665): Tabla: MAMIFEROS
[INFO] 03:48:09:660 Memoria/(14633:14665): CONSISTENCIA: SC
[INFO] 03:48:09:671 Memoria/(14633:14665): PARTICIONES: 3
[INFO] 03:48:09:674 Memoria/(14633:14665): TIEMPO DE COMPACTACIÓN: 60000
[INFO] 03:48:09:693 Memoria/(14633:14665): Tabla: MARINOS
[INFO] 03:48:09:717 Memoria/(14633:14665): CONSISTENCIA: SC
[INFO] 03:48:09:722 Memoria/(14633:14665): PARTICIONES: 1
[INFO] 03:48:09:723 Memoria/(14633:14665): TIEMPO DE COMPACTACIÓN: 10000
[INFO] 03:48:09:731 Memoria/(14633:14665): Describe mandado con éxito al FS
[INFO] 03:48:09:737 Memoria/(14633:14665): - SE HAN ENVIADO 68 BYTES CON EXITO
[INFO] 03:48:09:739 Memoria/(14633:14665): Metadatas mandadas con éxito al Kernel
[INFO] 03:48:19:907 Memoria/(14633:14637): - EJECUTANDO JOURNAL....
[INFO] 03:48:19:922 Memoria/(14633:14637): - CONFIGURACION IMPORTADA
[INFO] 03:48:19:931 Memoria/(14633:14637): · Puerto escucha = 5003
[INFO] 03:48:19:944 Memoria/(14633:14637): · IP FileSystem = 172.17.0.1
[INFO] 03:48:19:947 Memoria/(14633:14637): · Puerto FileSystem = 5004
[INFO] 03:48:19:950 Memoria/(14633:14637): · IP Seeds = "192.168.1.4"
[INFO] 03:48:19:960 Memoria/(14633:14637): · Puerto Seeds = 5005
[INFO] 03:48:19:962 Memoria/(14633:14637): · Retardo Memoria = 600
[INFO] 03:48:19:972 Memoria/(14633:14637): · Retardo FileSystem = 600
[INFO] 03:48:19:974 Memoria/(14633:14637): · Tamaño Memoria = 2048
[INFO] 03:48:19:982 Memoria/(14633:14637): · Retardo Journal = 60000
[INFO] 03:48:19:993 Memoria/(14633:14637): · Retardo Gossiping = 30000
[INFO] 03:48:19:996 Memoria/(14633:14637): · id Memoria = 1
[INFO] 03:49:20:10 Memoria/(14633:14637): - EJECUTANDO JOURNAL....
[INFO] 03:49:20:15 Memoria/(14633:14637): - CONFIGURACION IMPORTADA
[INFO] 03:49:20:32 Memoria/(14633:14637): · Puerto escucha = 5003
[INFO] 03:49:20:38 Memoria/(14633:14637): · IP FileSystem = 172.17.0.1
[INFO] 03:49:20:51 Memoria/(14633:14637): · Puerto FileSystem = 5004
[INFO] 03:49:20:53 Memoria/(14633:14637): · IP Seeds = "192.168.1.4"
[INFO] 03:49:20:55 Memoria/(14633:14637): · Puerto Seeds = 5005
[INFO] 03:49:20:58 Memoria/(14633:14637): · Retardo Memoria = 600
[INFO] 03:49:20:60 Memoria/(14633:14637): · Retardo FileSystem = 600
[INFO] 03:49:20:69 Memoria/(14633:14637): · Tamaño Memoria = 2048
[INFO] 03:49:20:70 Memoria/(14633:14637): · Retardo Journal = 60000
[INFO] 03:49:20:82 Memoria/(14633:14637): · Retardo Gossiping = 30000
[INFO] 03:49:20:84 Memoria/(14633:14637): · id Memoria = 1
[INFO] 03:50:20:88 Memoria/(14633:14637): - EJECUTANDO JOURNAL....
[INFO] 03:50:20:110 Memoria/(14633:14637): - CONFIGURACION IMPORTADA
[INFO] 03:50:20:140 Memoria/(14633:14637): · Puerto escucha = 5003
[INFO] 03:50:20:167 Memoria/(14633:14637): · IP FileSystem = 172.17.0.1
[INFO] 03:50:20:187 Memoria/(14633:14637): · Puerto FileSystem = 5004
[INFO] 03:50:20:194 Memoria/(14633:14637): · IP Seeds = "192.168.1.4"
[INFO] 03:50:20:201 Memoria/(14633:14637): · Puerto Seeds = 5005
[INFO] 03:50:20:216 Memoria/(14633:14637): · Retardo Memoria = 600
[INFO] 03:50:20:234 Memoria/(14633:14637): · Retardo FileSystem = 600
[INFO] 03:50:20:256 Memoria/(14633:14637): · Tamaño Memoria = 2048
[INFO] 03:50:20:264 Memoria/(14633:14637): · Retardo Journal = 60000
[INFO] 03:50:20:267 Memoria/(14633:14637): · Retardo Gossiping = 30000
[INFO] 03:50:20:268 Memoria/(14633:14637): · id Memoria = 1
[INFO] 03:51:20:270 Memoria/(14633:14637): - EJECUTANDO JOURNAL....
[INFO] 03:51:20:276 Memoria/(14633:14637): - CONFIGURACION IMPORTADA
[INFO] 03:51:20:289 Memoria/(14633:14637): · Puerto escucha = 5003
[INFO] 03:51:20:292 Memoria/(14633:14637): · IP FileSystem = 172.17.0.1
[INFO] 03:51:20:294 Memoria/(14633:14637): · Puerto FileSystem = 5004
[INFO] 03:51:20:295 Memoria/(14633:14637): · IP Seeds = "192.168.1.4"
[INFO] 03:51:20:296 Memoria/(14633:14637): · Puerto Seeds = 5005
[INFO] 03:51:20:301 Memoria/(14633:14637): · Retardo Memoria = 600
[INFO] 03:51:20:303 Memoria/(14633:14637): · Retardo FileSystem = 600
[INFO] 03:51:20:304 Memoria/(14633:14637): · Tamaño Memoria = 2048
[INFO] 03:51:20:306 Memoria/(14633:14637): · Retardo Journal = 60000
[INFO] 03:51:20:307 Memoria/(14633:14637): · Retardo Gossiping = 30000
[INFO] 03:51:20:309 Memoria/(14633:14637): · id Memoria = 1
[INFO] 03:54:13:111 Memoria/(14899:14899): - LOG INICIADO
[INFO] 03:54:14:316 Memoria/(14899:14899): - CONFIGURACION IMPORTADA
[INFO] 03:54:14:365 Memoria/(14899:14899): · Puerto escucha = 5003
[INFO] 03:54:14:368 Memoria/(14899:14899): · IP FileSystem = 172.17.0.1
[INFO] 03:54:14:370 Memoria/(14899:14899): · Puerto FileSystem = 5004
[INFO] 03:54:14:376 Memoria/(14899:14899): · IP Seeds = "192.168.1.4"
[INFO] 03:54:14:380 Memoria/(14899:14899): · Puerto Seeds = 5005
[INFO] 03:54:14:390 Memoria/(14899:14899): · Retardo Memoria = 600
[INFO] 03:54:14:392 Memoria/(14899:14899): · Retardo FileSystem = 600
[INFO] 03:54:14:396 Memoria/(14899:14899): · Tamaño Memoria = 2048
[INFO] 03:54:14:398 Memoria/(14899:14899): · Retardo Journal = 60000
[INFO] 03:54:14:400 Memoria/(14899:14899): · Retardo Gossiping = 30000
[INFO] 03:54:14:402 Memoria/(14899:14899): · id Memoria = 1
[INFO] 03:54:14:407 Memoria/(14899:14899): - PROCESO CONFIGURADO CON EXITO!
[INFO] 03:54:14:437 Memoria/(14899:14899): - CONEXION EXITOSA
[TRACE] 03:54:14:451 Memoria/(14899:14899): - Conectado a FileSystem a través del socket 4
[INFO] 03:54:14:522 Memoria/(14899:14899): - SE HAN ENVIADO 14 BYTES CON EXITO
[INFO] 03:54:14:646 Memoria/(14899:14899): Recibimos el tamaño máximo de registro correctamente
[INFO] 03:54:14:795 Memoria/(14899:14902): - ESTOY EN consola JUJU
[INFO] 03:54:14:799 Memoria/(14899:14903): - EJECUTANDO JOURNAL....
[INFO] 03:54:14:803 Memoria/(14899:14899): IP DE LA MEMORIA: 172.17.0.1
[INFO] 03:54:14:896 Memoria/(14899:14903): - CONFIGURACION IMPORTADA
[INFO] 03:54:14:902 Memoria/(14899:14903): · Puerto escucha = 5003
[INFO] 03:54:14:904 Memoria/(14899:14903): · IP FileSystem = 172.17.0.1
[INFO] 03:54:14:909 Memoria/(14899:14903): · Puerto FileSystem = 5004
[INFO] 03:54:14:910 Memoria/(14899:14903): · IP Seeds = "192.168.1.4"
[INFO] 03:54:14:911 Memoria/(14899:14903): · Puerto Seeds = 5005
[INFO] 03:54:14:912 Memoria/(14899:14903): · Retardo Memoria = 600
[INFO] 03:54:14:922 Memoria/(14899:14903): · Retardo FileSystem = 600
[INFO] 03:54:14:925 Memoria/(14899:14903): · Tamaño Memoria = 2048
[INFO] 03:54:14:926 Memoria/(14899:14903): · Retardo Journal = 60000
[INFO] 03:54:14:927 Memoria/(14899:14903): · Retardo Gossiping = 30000
[INFO] 03:54:14:929 Memoria/(14899:14903): · id Memoria = 1
[INFO] 03:54:32:643 Memoria/(14899:14909): Devolvemos a kernel el tamaño max value: 65
[INFO] 03:54:32:654 Memoria/(14899:14909): - SE HAN ENVIADO 14 BYTES CON EXITO
[INFO] 03:54:32:795 Memoria/(14899:14909): - SE HAN ENVIADO 34 BYTES CON EXITO
[INFO] 03:54:32:799 Memoria/(14899:14909): Se envió el pool de memorias a Kernel
[INFO] 03:54:33:1 Memoria/(14899:14909): COMANDO A EJECUTAR: DESCRIBE
[INFO] 03:54:33:133 Memoria/(14899:14909): - SE HAN ENVIADO 24 BYTES CON EXITO
[INFO] 03:54:33:360 Memoria/(14899:14909): Tabla: AVES
[INFO] 03:54:33:374 Memoria/(14899:14909): CONSISTENCIA: SC
[INFO] 03:54:33:377 Memoria/(14899:14909): PARTICIONES: 5
[INFO] 03:54:33:380 Memoria/(14899:14909): TIEMPO DE COMPACTACIÓN: 50000
[INFO] 03:54:33:388 Memoria/(14899:14909): Tabla: MAMIFEROS
[INFO] 03:54:33:392 Memoria/(14899:14909): CONSISTENCIA: SC
[INFO] 03:54:33:394 Memoria/(14899:14909): PARTICIONES: 3
[INFO] 03:54:33:395 Memoria/(14899:14909): TIEMPO DE COMPACTACIÓN: 60000
[INFO] 03:54:33:397 Memoria/(14899:14909): Tabla: MARINOS
[INFO] 03:54:33:398 Memoria/(14899:14909): CONSISTENCIA: SC
[INFO] 03:54:33:399 Memoria/(14899:14909): PARTICIONES: 1
[INFO] 03:54:33:401 Memoria/(14899:14909): TIEMPO DE COMPACTACIÓN: 10000
[INFO] 03:54:33:405 Memoria/(14899:14909): Describe mandado con éxito al FS
[INFO] 03:54:33:454 Memoria/(14899:14909): - SE HAN ENVIADO 68 BYTES CON EXITO
[INFO] 03:54:33:469 Memoria/(14899:14909): Metadatas mandadas con éxito al Kernel
[INFO] 03:54:33:480 Memoria/(14899:14909): - SE HAN ENVIADO 34 BYTES CON EXITO
[INFO] 03:54:33:492 Memoria/(14899:14909): Se envió el pool de memorias a Kernel
[INFO] 03:54:48:420 Memoria/(14899:14927): Devolvemos a kernel el tamaño max value: 65
[INFO] 03:54:48:426 Memoria/(14899:14927): - SE HAN ENVIADO 14 BYTES CON EXITO
[INFO] 03:54:48:538 Memoria/(14899:14927): - SE HAN ENVIADO 34 BYTES CON EXITO
[INFO] 03:54:48:541 Memoria/(14899:14927): Se envió el pool de memorias a Kernel
[INFO] 03:54:48:738 Memoria/(14899:14927): COMANDO A EJECUTAR: DESCRIBE
[INFO] 03:54:48:742 Memoria/(14899:14927): - SE HAN ENVIADO 24 BYTES CON EXITO
[INFO] 03:54:48:874 Memoria/(14899:14927): Tabla: AVES
[INFO] 03:54:48:876 Memoria/(14899:14927): CONSISTENCIA: SC
[INFO] 03:54:48:878 Memoria/(14899:14927): PARTICIONES: 5
[INFO] 03:54:48:886 Memoria/(14899:14927): TIEMPO DE COMPACTACIÓN: 50000
[INFO] 03:54:48:886 Memoria/(14899:14927): Tabla: MAMIFEROS
[INFO] 03:54:48:887 Memoria/(14899:14927): CONSISTENCIA: SC
[INFO] 03:54:48:889 Memoria/(14899:14927): PARTICIONES: 3
[INFO] 03:54:48:903 Memoria/(14899:14927): TIEMPO DE COMPACTACIÓN: 60000
[INFO] 03:54:48:913 Memoria/(14899:14927): Tabla: MARINOS
[INFO] 03:54:48:917 Memoria/(14899:14927): CONSISTENCIA: SC
[INFO] 03:54:48:936 Memoria/(14899:14927): PARTICIONES: 1
[INFO] 03:54:48:937 Memoria/(14899:14927): TIEMPO DE COMPACTACIÓN: 10000
[INFO] 03:54:48:952 Memoria/(14899:14927): Describe mandado con éxito al FS
[INFO] 03:54:48:963 Memoria/(14899:14927): - SE HAN ENVIADO 68 BYTES CON EXITO
[INFO] 03:54:48:972 Memoria/(14899:14927): Metadatas mandadas con éxito al Kernel
[INFO] 03:54:49:52 Memoria/(14899:14927): - SE HAN ENVIADO 34 BYTES CON EXITO
[INFO] 03:54:49:65 Memoria/(14899:14927): Se envió el pool de memorias a Kernel
[INFO] 03:55:13:417 Memoria/(14899:14940): Devolvemos a kernel el tamaño max value: 65
[INFO] 03:55:13:433 Memoria/(14899:14940): - SE HAN ENVIADO 14 BYTES CON EXITO
[INFO] 03:55:13:533 Memoria/(14899:14940): - SE HAN ENVIADO 34 BYTES CON EXITO
[INFO] 03:55:13:534 Memoria/(14899:14940): Se envió el pool de memorias a Kernel
[INFO] 03:55:13:741 Memoria/(14899:14940): COMANDO A EJECUTAR: DESCRIBE
[INFO] 03:55:13:743 Memoria/(14899:14940): - SE HAN ENVIADO 24 BYTES CON EXITO
[INFO] 03:55:13:876 Memoria/(14899:14940): Tabla: AVES
[INFO] 03:55:13:876 Memoria/(14899:14940): CONSISTENCIA: SC
[INFO] 03:55:13:877 Memoria/(14899:14940): PARTICIONES: 5
[INFO] 03:55:13:878 Memoria/(14899:14940): TIEMPO DE COMPACTACIÓN: 50000
[INFO] 03:55:13:883 Memoria/(14899:14940): Tabla: MAMIFEROS
[INFO] 03:55:13:888 Memoria/(14899:14940): CONSISTENCIA: SC
[INFO] 03:55:13:891 Memoria/(14899:14940): PARTICIONES: 3
[INFO] 03:55:13:899 Memoria/(14899:14940): TIEMPO DE COMPACTACIÓN: 60000
[INFO] 03:55:13:904 Memoria/(14899:14940): Tabla: MARINOS
[INFO] 03:55:13:907 Memoria/(14899:14940): CONSISTENCIA: SC
[INFO] 03:55:13:910 Memoria/(14899:14940): PARTICIONES: 1
[INFO] 03:55:13:912 Memoria/(14899:14940): TIEMPO DE COMPACTACIÓN: 10000
[INFO] 03:55:13:923 Memoria/(14899:14940): Describe mandado con éxito al FS
[INFO] 03:55:13:927 Memoria/(14899:14940): - SE HAN ENVIADO 68 BYTES CON EXITO
[INFO] 03:55:13:928 Memoria/(14899:14940): Metadatas mandadas con éxito al Kernel
[INFO] 03:55:14:87 Memoria/(14899:14940): - SE HAN ENVIADO 34 BYTES CON EXITO
[INFO] 03:55:14:108 Memoria/(14899:14940): Se envió el pool de memorias a Kernel
[INFO] 03:55:14:934 Memoria/(14899:14903): - EJECUTANDO JOURNAL....
[INFO] 03:55:14:938 Memoria/(14899:14903): - CONFIGURACION IMPORTADA
[INFO] 03:55:14:940 Memoria/(14899:14903): · Puerto escucha = 5003
[INFO] 03:55:14:943 Memoria/(14899:14903): · IP FileSystem = 172.17.0.1
[INFO] 03:55:14:949 Memoria/(14899:14903): · Puerto FileSystem = 5004
[INFO] 03:55:14:951 Memoria/(14899:14903): · IP Seeds = "192.168.1.4"
[INFO] 03:55:14:952 Memoria/(14899:14903): · Puerto Seeds = 5005
[INFO] 03:55:14:953 Memoria/(14899:14903): · Retardo Memoria = 600
[INFO] 03:55:14:955 Memoria/(14899:14903): · Retardo FileSystem = 600
[INFO] 03:55:14:956 Memoria/(14899:14903): · Tamaño Memoria = 2048
[INFO] 03:55:14:969 Memoria/(14899:14903): · Retardo Journal = 60000
[INFO] 03:55:14:971 Memoria/(14899:14903): · Retardo Gossiping = 30000
[INFO] 03:55:14:972 Memoria/(14899:14903): · id Memoria = 1
[INFO] 03:55:34:116 Memoria/(14899:14940): - SE HAN ENVIADO 34 BYTES CON EXITO
[INFO] 03:55:34:119 Memoria/(14899:14940): Se envió el pool de memorias a Kernel
[INFO] 03:56:14:974 Memoria/(14899:14903): - EJECUTANDO JOURNAL....
[INFO] 03:56:14:987 Memoria/(14899:14903): - CONFIGURACION IMPORTADA
[INFO] 03:56:14:993 Memoria/(14899:14903): · Puerto escucha = 5003
[INFO] 03:56:15:10 Memoria/(14899:14903): · IP FileSystem = 172.17.0.1
[INFO] 03:56:15:17 Memoria/(14899:14903): · Puerto FileSystem = 5004
[INFO] 03:56:15:22 Memoria/(14899:14903): · IP Seeds = "192.168.1.4"
[INFO] 03:56:15:26 Memoria/(14899:14903): · Puerto Seeds = 5005
[INFO] 03:56:15:26 Memoria/(14899:14903): · Retardo Memoria = 600
[INFO] 03:56:15:32 Memoria/(14899:14903): · Retardo FileSystem = 600
[INFO] 03:56:15:37 Memoria/(14899:14903): · Tamaño Memoria = 2048
[INFO] 03:56:15:48 Memoria/(14899:14903): · Retardo Journal = 60000
[INFO] 03:56:15:50 Memoria/(14899:14903): · Retardo Gossiping = 30000
[INFO] 03:56:15:51 Memoria/(14899:14903): · id Memoria = 1
[INFO] 03:57:15:55 Memoria/(14899:14903): - EJECUTANDO JOURNAL....
[INFO] 03:57:15:58 Memoria/(14899:14903): - CONFIGURACION IMPORTADA
[INFO] 03:57:15:62 Memoria/(14899:14903): · Puerto escucha = 5003
[INFO] 03:57:15:64 Memoria/(14899:14903): · IP FileSystem = 172.17.0.1
[INFO] 03:57:15:73 Memoria/(14899:14903): · Puerto FileSystem = 5004
[INFO] 03:57:15:75 Memoria/(14899:14903): · IP Seeds = "192.168.1.4"
[INFO] 03:57:15:76 Memoria/(14899:14903): · Puerto Seeds = 5005
[INFO] 03:57:15:79 Memoria/(14899:14903): · Retardo Memoria = 600
[INFO] 03:57:15:80 Memoria/(14899:14903): · Retardo FileSystem = 600
[INFO] 03:57:15:82 Memoria/(14899:14903): · Tamaño Memoria = 2048
[INFO] 03:57:15:86 Memoria/(14899:14903): · Retardo Journal = 60000
[INFO] 03:57:15:87 Memoria/(14899:14903): · Retardo Gossiping = 30000
[INFO] 03:57:15:89 Memoria/(14899:14903): · id Memoria = 1
[INFO] 03:58:15:90 Memoria/(14899:14903): - EJECUTANDO JOURNAL....
[INFO] 03:58:15:110 Memoria/(14899:14903): - CONFIGURACION IMPORTADA
[INFO] 03:58:15:138 Memoria/(14899:14903): · Puerto escucha = 5003
[INFO] 03:58:15:143 Memoria/(14899:14903): · IP FileSystem = 172.17.0.1
[INFO] 03:58:15:152 Memoria/(14899:14903): · Puerto FileSystem = 5004
[INFO] 03:58:15:158 Memoria/(14899:14903): · IP Seeds = "192.168.1.4"
[INFO] 03:58:15:161 Memoria/(14899:14903): · Puerto Seeds = 5005
[INFO] 03:58:15:170 Memoria/(14899:14903): · Retardo Memoria = 600
[INFO] 03:58:15:174 Memoria/(14899:14903): · Retardo FileSystem = 600
[INFO] 03:58:15:178 Memoria/(14899:14903): · Tamaño Memoria = 2048
[INFO] 03:58:15:192 Memoria/(14899:14903): · Retardo Journal = 60000
[INFO] 03:58:15:202 Memoria/(14899:14903): · Retardo Gossiping = 30000
[INFO] 03:58:15:204 Memoria/(14899:14903): · id Memoria = 1
[INFO] 04:00:44:974 Memoria/(15252:15252): - LOG INICIADO
[INFO] 04:00:45:145 Memoria/(15252:15252): - CONFIGURACION IMPORTADA
[INFO] 04:00:45:193 Memoria/(15252:15252): · Puerto escucha = 5003
[INFO] 04:00:45:196 Memoria/(15252:15252): · IP FileSystem = 172.17.0.1
[INFO] 04:00:45:199 Memoria/(15252:15252): · Puerto FileSystem = 5004
[INFO] 04:00:45:211 Memoria/(15252:15252): · IP Seeds = "192.168.1.4"
[INFO] 04:00:45:215 Memoria/(15252:15252): · Puerto Seeds = 5005
[INFO] 04:00:45:226 Memoria/(15252:15252): · Retardo Memoria = 600
[INFO] 04:00:45:236 Memoria/(15252:15252): · Retardo FileSystem = 600
[INFO] 04:00:45:243 Memoria/(15252:15252): · Tamaño Memoria = 2048
[INFO] 04:00:45:245 Memoria/(15252:15252): · Retardo Journal = 60000
[INFO] 04:00:45:254 Memoria/(15252:15252): · Retardo Gossiping = 30000
[INFO] 04:00:45:260 Memoria/(15252:15252): · id Memoria = 1
[INFO] 04:00:45:273 Memoria/(15252:15252): - PROCESO CONFIGURADO CON EXITO!
[INFO] 04:00:45:348 Memoria/(15252:15252): - CONEXION EXITOSA
[TRACE] 04:00:45:359 Memoria/(15252:15252): - Conectado a FileSystem a través del socket 4
[INFO] 04:00:45:470 Memoria/(15252:15252): - SE HAN ENVIADO 14 BYTES CON EXITO
[INFO] 04:00:45:608 Memoria/(15252:15252): Recibimos el tamaño máximo de registro correctamente
[INFO] 04:00:45:727 Memoria/(15252:15258): - ESTOY EN consola JUJU
[INFO] 04:00:45:734 Memoria/(15252:15259): - EJECUTANDO JOURNAL....
[INFO] 04:00:45:733 Memoria/(15252:15252): IP DE LA MEMORIA: 172.17.0.1
[INFO] 04:00:45:816 Memoria/(15252:15259): - CONFIGURACION IMPORTADA
[INFO] 04:00:45:822 Memoria/(15252:15259): · Puerto escucha = 5003
[INFO] 04:00:45:824 Memoria/(15252:15259): · IP FileSystem = 172.17.0.1
[INFO] 04:00:45:828 Memoria/(15252:15259): · Puerto FileSystem = 5004
[INFO] 04:00:45:832 Memoria/(15252:15259): · IP Seeds = "192.168.1.4"
[INFO] 04:00:45:836 Memoria/(15252:15259): · Puerto Seeds = 5005
[INFO] 04:00:45:845 Memoria/(15252:15259): · Retardo Memoria = 600
[INFO] 04:00:45:848 Memoria/(15252:15259): · Retardo FileSystem = 600
[INFO] 04:00:45:849 Memoria/(15252:15259): · Tamaño Memoria = 2048
[INFO] 04:00:45:850 Memoria/(15252:15259): · Retardo Journal = 60000
[INFO] 04:00:45:852 Memoria/(15252:15259): · Retardo Gossiping = 30000
[INFO] 04:00:45:853 Memoria/(15252:15259): · id Memoria = 1
[INFO] 04:00:55:263 Memoria/(15252:15265): Devolvemos a kernel el tamaño max value: 65
[INFO] 04:00:55:289 Memoria/(15252:15265): - SE HAN ENVIADO 14 BYTES CON EXITO
[INFO] 04:00:55:475 Memoria/(15252:15265): - SE HAN ENVIADO 34 BYTES CON EXITO
[INFO] 04:00:55:502 Memoria/(15252:15265): Se envió el pool de memorias a Kernel
[INFO] 04:00:55:712 Memoria/(15252:15265): COMANDO A EJECUTAR: DESCRIBE
[INFO] 04:00:55:805 Memoria/(15252:15265): - SE HAN ENVIADO 24 BYTES CON EXITO
[INFO] 04:00:56:65 Memoria/(15252:15265): Tabla: AVES
[INFO] 04:00:56:69 Memoria/(15252:15265): CONSISTENCIA: SC
[INFO] 04:00:56:73 Memoria/(15252:15265): PARTICIONES: 5
[INFO] 04:00:56:76 Memoria/(15252:15265): TIEMPO DE COMPACTACIÓN: 50000
[INFO] 04:00:56:93 Memoria/(15252:15265): Tabla: MAMIFEROS
[INFO] 04:00:56:97 Memoria/(15252:15265): CONSISTENCIA: SC
[INFO] 04:00:56:101 Memoria/(15252:15265): PARTICIONES: 3
[INFO] 04:00:56:102 Memoria/(15252:15265): TIEMPO DE COMPACTACIÓN: 60000
[INFO] 04:00:56:103 Memoria/(15252:15265): Tabla: MARINOS
[INFO] 04:00:56:106 Memoria/(15252:15265): CONSISTENCIA: SC
[INFO] 04:00:56:109 Memoria/(15252:15265): PARTICIONES: 1
[INFO] 04:00:56:123 Memoria/(15252:15265): TIEMPO DE COMPACTACIÓN: 10000
[INFO] 04:00:56:125 Memoria/(15252:15265): Describe mandado con éxito al FS
[INFO] 04:00:56:169 Memoria/(15252:15265): - SE HAN ENVIADO 68 BYTES CON EXITO
[INFO] 04:00:56:218 Memoria/(15252:15265): Metadatas mandadas con éxito al Kernel
[INFO] 04:00:56:225 Memoria/(15252:15265): - SE HAN ENVIADO 34 BYTES CON EXITO
[INFO] 04:00:56:231 Memoria/(15252:15265): Se envió el pool de memorias a Kernel
[INFO] 04:01:03:329 Memoria/(15252:15279): Devolvemos a kernel el tamaño max value: 65
[INFO] 04:01:03:333 Memoria/(15252:15279): - SE HAN ENVIADO 14 BYTES CON EXITO
[INFO] 04:01:03:515 Memoria/(15252:15279): - SE HAN ENVIADO 34 BYTES CON EXITO
[INFO] 04:01:03:518 Memoria/(15252:15279): Se envió el pool de memorias a Kernel
[INFO] 04:01:03:818 Memoria/(15252:15279): COMANDO A EJECUTAR: DESCRIBE
[INFO] 04:01:03:821 Memoria/(15252:15279): - SE HAN ENVIADO 24 BYTES CON EXITO
[INFO] 04:01:04:78 Memoria/(15252:15279): Tabla: AVES
[INFO] 04:01:04:79 Memoria/(15252:15279): CONSISTENCIA: SC
[INFO] 04:01:04:82 Memoria/(15252:15279): PARTICIONES: 5
[INFO] 04:01:04:122 Memoria/(15252:15279): TIEMPO DE COMPACTACIÓN: 50000
[INFO] 04:01:04:134 Memoria/(15252:15279): Tabla: MAMIFEROS
[INFO] 04:01:04:144 Memoria/(15252:15279): CONSISTENCIA: SC
[INFO] 04:01:04:147 Memoria/(15252:15279): PARTICIONES: 3
[INFO] 04:01:04:162 Memoria/(15252:15279): TIEMPO DE COMPACTACIÓN: 60000
[INFO] 04:01:04:210 Memoria/(15252:15279): Tabla: MARINOS
[INFO] 04:01:04:214 Memoria/(15252:15279): CONSISTENCIA: SC
[INFO] 04:01:04:219 Memoria/(15252:15279): PARTICIONES: 1
[INFO] 04:01:04:242 Memoria/(15252:15279): TIEMPO DE COMPACTACIÓN: 10000
[INFO] 04:01:04:244 Memoria/(15252:15279): Describe mandado con éxito al FS
[INFO] 04:01:04:259 Memoria/(15252:15279): - SE HAN ENVIADO 68 BYTES CON EXITO
[INFO] 04:01:04:263 Memoria/(15252:15279): Metadatas mandadas con éxito al Kernel
[INFO] 04:01:45:860 Memoria/(15252:15259): - EJECUTANDO JOURNAL....
[INFO] 04:01:45:869 Memoria/(15252:15259): - CONFIGURACION IMPORTADA
[INFO] 04:01:45:889 Memoria/(15252:15259): · Puerto escucha = 5003
[INFO] 04:01:45:918 Memoria/(15252:15259): · IP FileSystem = 172.17.0.1
[INFO] 04:01:45:920 Memoria/(15252:15259): · Puerto FileSystem = 5004
[INFO] 04:01:45:932 Memoria/(15252:15259): · IP Seeds = "192.168.1.4"
[INFO] 04:01:45:954 Memoria/(15252:15259): · Puerto Seeds = 5005
[INFO] 04:01:45:956 Memoria/(15252:15259): · Retardo Memoria = 600
[INFO] 04:01:45:962 Memoria/(15252:15259): · Retardo FileSystem = 600
[INFO] 04:01:45:969 Memoria/(15252:15259): · Tamaño Memoria = 2048
[INFO] 04:01:45:971 Memoria/(15252:15259): · Retardo Journal = 60000
[INFO] 04:01:45:979 Memoria/(15252:15259): · Retardo Gossiping = 30000
[INFO] 04:01:45:989 Memoria/(15252:15259): · id Memoria = 1
[INFO] 04:02:08:196 Memoria/(15252:15381): Devolvemos a kernel el tamaño max value: 65
[INFO] 04:02:08:199 Memoria/(15252:15381): - SE HAN ENVIADO 14 BYTES CON EXITO
[INFO] 04:02:08:302 Memoria/(15252:15381): - SE HAN ENVIADO 34 BYTES CON EXITO
[INFO] 04:02:08:305 Memoria/(15252:15381): Se envió el pool de memorias a Kernel
[INFO] 04:02:08:506 Memoria/(15252:15381): COMANDO A EJECUTAR: DESCRIBE
[INFO] 04:02:08:511 Memoria/(15252:15381): - SE HAN ENVIADO 24 BYTES CON EXITO
[INFO] 04:02:08:653 Memoria/(15252:15381): Tabla: AVES
[INFO] 04:02:08:654 Memoria/(15252:15381): CONSISTENCIA: SC
[INFO] 04:02:08:666 Memoria/(15252:15381): PARTICIONES: 5
[INFO] 04:02:08:676 Memoria/(15252:15381): TIEMPO DE COMPACTACIÓN: 50000
[INFO] 04:02:08:685 Memoria/(15252:15381): Tabla: MAMIFEROS
[INFO] 04:02:08:689 Memoria/(15252:15381): CONSISTENCIA: SC
[INFO] 04:02:08:690 Memoria/(15252:15381): PARTICIONES: 3
[INFO] 04:02:08:691 Memoria/(15252:15381): TIEMPO DE COMPACTACIÓN: 60000
[INFO] 04:02:08:696 Memoria/(15252:15381): Tabla: MARINOS
[INFO] 04:02:08:698 Memoria/(15252:15381): CONSISTENCIA: SC
[INFO] 04:02:08:700 Memoria/(15252:15381): PARTICIONES: 1
[INFO] 04:02:08:702 Memoria/(15252:15381): TIEMPO DE COMPACTACIÓN: 10000
[INFO] 04:02:08:706 Memoria/(15252:15381): Describe mandado con éxito al FS
[INFO] 04:02:08:711 Memoria/(15252:15381): - SE HAN ENVIADO 68 BYTES CON EXITO
[INFO] 04:02:08:723 Memoria/(15252:15381): Metadatas mandadas con éxito al Kernel
[INFO] 04:02:45:991 Memoria/(15252:15259): - EJECUTANDO JOURNAL....
[INFO] 04:02:45:997 Memoria/(15252:15259): - CONFIGURACION IMPORTADA
[INFO] 04:02:46:10 Memoria/(15252:15259): · Puerto escucha = 5003
[INFO] 04:02:46:15 Memoria/(15252:15259): · IP FileSystem = 172.17.0.1
[INFO] 04:02:46:16 Memoria/(15252:15259): · Puerto FileSystem = 5004
[INFO] 04:02:46:17 Memoria/(15252:15259): · IP Seeds = "192.168.1.4"
[INFO] 04:02:46:25 Memoria/(15252:15259): · Puerto Seeds = 5005
[INFO] 04:02:46:26 Memoria/(15252:15259): · Retardo Memoria = 600
[INFO] 04:02:46:28 Memoria/(15252:15259): · Retardo FileSystem = 600
[INFO] 04:02:46:29 Memoria/(15252:15259): · Tamaño Memoria = 2048
[INFO] 04:02:46:31 Memoria/(15252:15259): · Retardo Journal = 60000
[INFO] 04:02:46:33 Memoria/(15252:15259): · Retardo Gossiping = 30000
[INFO] 04:02:46:38 Memoria/(15252:15259): · id Memoria = 1
[INFO] 04:03:34:46 Memoria/(15252:15488): Devolvemos a kernel el tamaño max value: 65
[INFO] 04:03:34:50 Memoria/(15252:15488): - SE HAN ENVIADO 14 BYTES CON EXITO
[INFO] 04:03:34:208 Memoria/(15252:15488): - SE HAN ENVIADO 34 BYTES CON EXITO
[INFO] 04:03:34:219 Memoria/(15252:15488): Se envió el pool de memorias a Kernel
[INFO] 04:03:34:457 Memoria/(15252:15488): COMANDO A EJECUTAR: DESCRIBE
[INFO] 04:03:34:461 Memoria/(15252:15488): - SE HAN ENVIADO 24 BYTES CON EXITO
[INFO] 04:03:34:599 Memoria/(15252:15488): Tabla: AVES
[INFO] 04:03:34:600 Memoria/(15252:15488): CONSISTENCIA: SC
[INFO] 04:03:34:601 Memoria/(15252:15488): PARTICIONES: 5
[INFO] 04:03:34:603 Memoria/(15252:15488): TIEMPO DE COMPACTACIÓN: 50000
[INFO] 04:03:34:649 Memoria/(15252:15488): Tabla: MAMIFEROS
[INFO] 04:03:34:695 Memoria/(15252:15488): CONSISTENCIA: SC
[INFO] 04:03:34:708 Memoria/(15252:15488): PARTICIONES: 3
[INFO] 04:03:34:712 Memoria/(15252:15488): TIEMPO DE COMPACTACIÓN: 60000
[INFO] 04:03:34:715 Memoria/(15252:15488): Tabla: MARINOS
[INFO] 04:03:34:718 Memoria/(15252:15488): CONSISTENCIA: SC
[INFO] 04:03:34:727 Memoria/(15252:15488): PARTICIONES: 1
[INFO] 04:03:34:740 Memoria/(15252:15488): TIEMPO DE COMPACTACIÓN: 10000
[INFO] 04:03:34:752 Memoria/(15252:15488): Describe mandado con éxito al FS
[INFO] 04:03:34:775 Memoria/(15252:15488): - SE HAN ENVIADO 68 BYTES CON EXITO
[INFO] 04:03:34:783 Memoria/(15252:15488): Metadatas mandadas con éxito al Kernel
[INFO] 04:03:34:799 Memoria/(15252:15488): - SE HAN ENVIADO 34 BYTES CON EXITO
[INFO] 04:03:34:806 Memoria/(15252:15488): Se envió el pool de memorias a Kernel
[INFO] 04:03:43:668 Memoria/(15252:15502): Devolvemos a kernel el tamaño max value: 65
[INFO] 04:03:43:671 Memoria/(15252:15502): - SE HAN ENVIADO 14 BYTES CON EXITO
[INFO] 04:03:43:838 Memoria/(15252:15502): - SE HAN ENVIADO 34 BYTES CON EXITO
[INFO] 04:03:43:839 Memoria/(15252:15502): Se envió el pool de memorias a Kernel
[INFO] 04:03:44:34 Memoria/(15252:15502): COMANDO A EJECUTAR: DESCRIBE
[INFO] 04:03:44:38 Memoria/(15252:15502): - SE HAN ENVIADO 24 BYTES CON EXITO
[INFO] 04:03:44:196 Memoria/(15252:15502): Tabla: AVES
[INFO] 04:03:44:207 Memoria/(15252:15502): CONSISTENCIA: SC
[INFO] 04:03:44:219 Memoria/(15252:15502): PARTICIONES: 5
[INFO] 04:03:44:219 Memoria/(15252:15502): TIEMPO DE COMPACTACIÓN: 50000
[INFO] 04:03:44:226 Memoria/(15252:15502): Tabla: MAMIFEROS
[INFO] 04:03:44:254 Memoria/(15252:15502): CONSISTENCIA: SC
[INFO] 04:03:44:264 Memoria/(15252:15502): PARTICIONES: 3
[INFO] 04:03:44:271 Memoria/(15252:15502): TIEMPO DE COMPACTACIÓN: 60000
[INFO] 04:03:44:275 Memoria/(15252:15502): Tabla: MARINOS
[INFO] 04:03:44:279 Memoria/(15252:15502): CONSISTENCIA: SC
[INFO] 04:03:44:283 Memoria/(15252:15502): PARTICIONES: 1
[INFO] 04:03:44:284 Memoria/(15252:15502): TIEMPO DE COMPACTACIÓN: 10000
[INFO] 04:03:44:286 Memoria/(15252:15502): Describe mandado con éxito al FS
[INFO] 04:03:44:297 Memoria/(15252:15502): - SE HAN ENVIADO 68 BYTES CON EXITO
[INFO] 04:03:44:318 Memoria/(15252:15502): Metadatas mandadas con éxito al Kernel
[INFO] 04:03:44:323 Memoria/(15252:15502): - SE HAN ENVIADO 34 BYTES CON EXITO
[INFO] 04:03:44:349 Memoria/(15252:15502): Se envió el pool de memorias a Kernel
[INFO] 04:03:46:40 Memoria/(15252:15259): - EJECUTANDO JOURNAL....
[INFO] 04:03:46:64 Memoria/(15252:15259): - CONFIGURACION IMPORTADA
[INFO] 04:03:46:67 Memoria/(15252:15259): · Puerto escucha = 5003
[INFO] 04:03:46:86 Memoria/(15252:15259): · IP FileSystem = 172.17.0.1
[INFO] 04:03:46:106 Memoria/(15252:15259): · Puerto FileSystem = 5004
[INFO] 04:03:46:110 Memoria/(15252:15259): · IP Seeds = "192.168.1.4"
[INFO] 04:03:46:123 Memoria/(15252:15259): · Puerto Seeds = 5005
[INFO] 04:03:46:129 Memoria/(15252:15259): · Retardo Memoria = 600
[INFO] 04:03:46:136 Memoria/(15252:15259): · Retardo FileSystem = 600
[INFO] 04:03:46:139 Memoria/(15252:15259): · Tamaño Memoria = 2048
[INFO] 04:03:46:142 Memoria/(15252:15259): · Retardo Journal = 60000
[INFO] 04:03:46:161 Memoria/(15252:15259): · Retardo Gossiping = 30000
[INFO] 04:03:46:162 Memoria/(15252:15259): · id Memoria = 1
[INFO] 04:04:10:260 Memoria/(15252:15516): Devolvemos a kernel el tamaño max value: 65
[INFO] 04:04:10:288 Memoria/(15252:15516): - SE HAN ENVIADO 14 BYTES CON EXITO
[INFO] 04:04:10:476 Memoria/(15252:15516): - SE HAN ENVIADO 34 BYTES CON EXITO
[INFO] 04:04:10:516 Memoria/(15252:15516): Se envió el pool de memorias a Kernel
[INFO] 04:04:10:775 Memoria/(15252:15516): COMANDO A EJECUTAR: DESCRIBE
[INFO] 04:04:10:781 Memoria/(15252:15516): - SE HAN ENVIADO 24 BYTES CON EXITO
[INFO] 04:04:10:909 Memoria/(15252:15516): Tabla: AVES
[INFO] 04:04:10:909 Memoria/(15252:15516): CONSISTENCIA: SC
[INFO] 04:04:10:915 Memoria/(15252:15516): PARTICIONES: 5
[INFO] 04:04:10:915 Memoria/(15252:15516): TIEMPO DE COMPACTACIÓN: 50000
[INFO] 04:04:10:920 Memoria/(15252:15516): Tabla: MAMIFEROS
[INFO] 04:04:10:923 Memoria/(15252:15516): CONSISTENCIA: SC
[INFO] 04:04:10:927 Memoria/(15252:15516): PARTICIONES: 3
[INFO] 04:04:10:940 Memoria/(15252:15516): TIEMPO DE COMPACTACIÓN: 60000
[INFO] 04:04:10:946 Memoria/(15252:15516): Tabla: MARINOS
[INFO] 04:04:10:950 Memoria/(15252:15516): CONSISTENCIA: SC
[INFO] 04:04:10:954 Memoria/(15252:15516): PARTICIONES: 1
[INFO] 04:04:10:959 Memoria/(15252:15516): TIEMPO DE COMPACTACIÓN: 10000
[INFO] 04:04:10:962 Memoria/(15252:15516): Describe mandado con éxito al FS
[INFO] 04:04:10:967 Memoria/(15252:15516): - SE HAN ENVIADO 68 BYTES CON EXITO
[INFO] 04:04:10:970 Memoria/(15252:15516): Metadatas mandadas con éxito al Kernel
[INFO] 04:04:46:166 Memoria/(15252:15259): - EJECUTANDO JOURNAL....
[INFO] 04:04:46:171 Memoria/(15252:15259): - CONFIGURACION IMPORTADA
[INFO] 04:04:46:190 Memoria/(15252:15259): · Puerto escucha = 5003
[INFO] 04:04:46:192 Memoria/(15252:15259): · IP FileSystem = 172.17.0.1
[INFO] 04:04:46:200 Memoria/(15252:15259): · Puerto FileSystem = 5004
[INFO] 04:04:46:202 Memoria/(15252:15259): · IP Seeds = "192.168.1.4"
[INFO] 04:04:46:204 Memoria/(15252:15259): · Puerto Seeds = 5005
[INFO] 04:04:46:206 Memoria/(15252:15259): · Retardo Memoria = 600
[INFO] 04:04:46:208 Memoria/(15252:15259): · Retardo FileSystem = 600
[INFO] 04:04:46:210 Memoria/(15252:15259): · Tamaño Memoria = 2048
[INFO] 04:04:46:211 Memoria/(15252:15259): · Retardo Journal = 60000
[INFO] 04:04:46:215 Memoria/(15252:15259): · Retardo Gossiping = 30000
[INFO] 04:04:46:221 Memoria/(15252:15259): · id Memoria = 1
[INFO] 04:05:46:223 Memoria/(15252:15259): - EJECUTANDO JOURNAL....
[INFO] 04:05:46:227 Memoria/(15252:15259): - CONFIGURACION IMPORTADA
[INFO] 04:05:46:264 Memoria/(15252:15259): · Puerto escucha = 5003
[INFO] 04:05:46:294 Memoria/(15252:15259): · IP FileSystem = 172.17.0.1
[INFO] 04:05:46:298 Memoria/(15252:15259): · Puerto FileSystem = 5004
[INFO] 04:05:46:323 Memoria/(15252:15259): · IP Seeds = "192.168.1.4"
[INFO] 04:05:46:330 Memoria/(15252:15259): · Puerto Seeds = 5005
[INFO] 04:05:46:331 Memoria/(15252:15259): · Retardo Memoria = 600
[INFO] 04:05:46:333 Memoria/(15252:15259): · Retardo FileSystem = 600
[INFO] 04:05:46:341 Memoria/(15252:15259): · Tamaño Memoria = 2048
[INFO] 04:05:46:343 Memoria/(15252:15259): · Retardo Journal = 60000
[INFO] 04:05:46:359 Memoria/(15252:15259): · Retardo Gossiping = 30000
[INFO] 04:05:46:361 Memoria/(15252:15259): · id Memoria = 1
[INFO] 04:06:46:378 Memoria/(15252:15259): - EJECUTANDO JOURNAL....
[INFO] 04:06:46:383 Memoria/(15252:15259): - CONFIGURACION IMPORTADA
[INFO] 04:06:46:398 Memoria/(15252:15259): · Puerto escucha = 5003
[INFO] 04:06:46:402 Memoria/(15252:15259): · IP FileSystem = 172.17.0.1
[INFO] 04:06:46:403 Memoria/(15252:15259): · Puerto FileSystem = 5004
[INFO] 04:06:46:405 Memoria/(15252:15259): · IP Seeds = "192.168.1.4"
[INFO] 04:06:46:412 Memoria/(15252:15259): · Puerto Seeds = 5005
[INFO] 04:06:46:414 Memoria/(15252:15259): · Retardo Memoria = 600
[INFO] 04:06:46:415 Memoria/(15252:15259): · Retardo FileSystem = 600
[INFO] 04:06:46:417 Memoria/(15252:15259): · Tamaño Memoria = 2048
[INFO] 04:06:46:418 Memoria/(15252:15259): · Retardo Journal = 60000
[INFO] 04:06:46:420 Memoria/(15252:15259): · Retardo Gossiping = 30000
[INFO] 04:06:46:422 Memoria/(15252:15259): · id Memoria = 1
                                                                                                                                                                                                                                                                                                                                                                                                                                                                               